0 verbose cli /usr/local/bin/node /usr/local/bin/npm
1 info using npm@10.9.0
2 info using node@v22.12.0
3 silly config load:file:/usr/local/lib/node_modules/npm/npmrc
4 silly config load:file:/Users/mac/Library/Caches/typescript/5.7/.npmrc
5 silly config load:file:/Users/mac/.npmrc
6 silly config load:file:/usr/local/etc/npmrc
7 verbose title npm install types-registry@latest
8 verbose argv "install" "--ignore-scripts" "types-registry@latest"
9 verbose logfile logs-max:10 dir:/Users/mac/.npm/_logs/2024-12-31T14_02_53_312Z-
10 verbose logfile /Users/mac/.npm/_logs/2024-12-31T14_02_53_312Z-debug-0.log
11 silly logfile start cleaning logs, removing 3 files
12 silly packumentCache heap:2197815296 maxSize:549453824 maxEntrySize:274726912
13 silly packumentCache corgi:https://registry.npmjs.org/types-registry cache-miss
14 silly logfile done cleaning log files
15 http fetch GET 200 https://registry.npmjs.org/npm 8309ms
16 http fetch GET 200 https://registry.npmjs.org/types-registry 8228ms (cache updated)
17 silly packumentCache corgi:https://registry.npmjs.org/types-registry set size:undefined disposed:false
18 silly idealTree buildDeps
19 silly fetch manifest types-registry@0.1.701
20 silly packumentCache full:https://registry.npmjs.org/types-registry cache-miss
21 http fetch GET 200 https://registry.npmjs.org/types-registry 670ms (cache updated)
22 silly packumentCache full:https://registry.npmjs.org/types-registry set size:undefined disposed:false
23 silly placeDep ROOT types-registry@0.1.701 REPLACE for:  want: 0.1.701
24 silly reify mark retired [
24 silly reify   '/Users/mac/Library/Caches/typescript/5.7/node_modules/types-registry'
24 silly reify ]
25 silly reify moves {
25 silly reify   '/Users/mac/Library/Caches/typescript/5.7/node_modules/types-registry': '/Users/mac/Library/Caches/typescript/5.7/node_modules/.types-registry-r3EJLCQL'
25 silly reify }
26 silly audit bulk request { 'types-registry': [ '0.1.701' ] }
27 silly tarball no local data for types-registry@https://registry.npmjs.org/types-registry/-/types-registry-0.1.701.tgz. Extracting by manifest.
28 http fetch POST 200 https://registry.npmjs.org/-/npm/v1/security/advisories/bulk 434ms
29 silly audit report {}
30 http fetch GET 200 https://registry.npmjs.org/types-registry/-/types-registry-0.1.701.tgz 444ms (cache miss)
31 silly CHANGE node_modules/types-registry
32 verbose cwd /Users/mac/Library/Caches/typescript/5.7
33 verbose os Darwin 22.6.0
34 verbose node v22.12.0
35 verbose npm  v10.9.0
36 notice
36 notice New major version of npm available! 10.9.0 -> 11.0.0
36 notice Changelog: https://github.com/npm/cli/releases/tag/v11.0.0
36 notice To update run: npm install -g npm@11.0.0
36 notice  { force: true, [Symbol(proc-log.meta)]: true }
37 verbose exit 0
38 info ok
