0 verbose cli /usr/local/bin/node /usr/local/bin/npm
1 info using npm@10.9.0
2 info using node@v22.12.0
3 silly config load:file:/usr/local/lib/node_modules/npm/npmrc
4 silly config load:file:/Users/mac/Desktop/Telegram clone/client/.npmrc
5 silly config load:file:/Users/mac/.npmrc
6 silly config load:file:/usr/local/etc/npmrc
7 verbose title npm install @radix-ui/react-context-menu
8 verbose argv "install" "--force" "@radix-ui/react-context-menu"
9 verbose logfile logs-max:10 dir:/Users/mac/.npm/_logs/2024-12-22T09_34_03_243Z-
10 verbose logfile /Users/mac/.npm/_logs/2024-12-22T09_34_03_243Z-debug-0.log
11 warn using --force Recommended protections disabled.
12 silly logfile start cleaning logs, removing 1 files
13 silly packumentCache heap:2197815296 maxSize:549453824 maxEntrySize:274726912
14 silly logfile done cleaning log files
15 silly idealTree buildDeps
16 silly fetch manifest @radix-ui/react-context-menu@*
17 silly packumentCache full:https://registry.npmjs.org/@radix-ui%2freact-context-menu cache-miss
18 http fetch GET 200 https://registry.npmjs.org/@radix-ui%2freact-context-menu 8712ms (cache miss)
19 silly packumentCache full:https://registry.npmjs.org/@radix-ui%2freact-context-menu set size:undefined disposed:false
20 silly fetch manifest @types/react@^19
21 silly packumentCache full:https://registry.npmjs.org/@types%2freact cache-miss
22 http fetch GET 200 https://registry.npmjs.org/@types%2freact 585ms (cache updated)
23 silly packumentCache full:https://registry.npmjs.org/@types%2freact set size:undefined disposed:false
24 silly fetch manifest @types/react-dom@^19
25 silly packumentCache full:https://registry.npmjs.org/@types%2freact-dom cache-miss
26 http fetch GET 200 https://registry.npmjs.org/@types%2freact-dom 394ms (cache updated)
27 silly packumentCache full:https://registry.npmjs.org/@types%2freact-dom set size:undefined disposed:false
28 silly fetch manifest react@^19.0.0
29 silly packumentCache full:https://registry.npmjs.org/react cache-miss
30 http fetch GET 200 https://registry.npmjs.org/react 759ms (cache updated)
31 silly packumentCache full:https://registry.npmjs.org/react set size:undefined disposed:false
32 silly fetch manifest react-dom@^19.0.0
33 silly packumentCache full:https://registry.npmjs.org/react-dom cache-miss
34 http fetch GET 200 https://registry.npmjs.org/react-dom 540ms (cache updated)
35 silly packumentCache full:https://registry.npmjs.org/react-dom set size:undefined disposed:false
36 silly placeDep ROOT @radix-ui/react-context-menu@2.2.4 OK for: client@0.1.0 want: *
37 silly fetch manifest @radix-ui/react-menu@2.1.4
38 silly packumentCache full:https://registry.npmjs.org/@radix-ui%2freact-menu cache-miss
39 http fetch GET 200 https://registry.npmjs.org/@radix-ui%2freact-menu 414ms (cache miss)
40 silly packumentCache full:https://registry.npmjs.org/@radix-ui%2freact-menu set size:undefined disposed:false
41 silly fetch manifest react@^16.8 || ^17 || ^18
42 silly packumentCache full:https://registry.npmjs.org/react cache-miss
43 http fetch GET 200 https://registry.npmjs.org/react 18ms (cache hit)
44 silly packumentCache full:https://registry.npmjs.org/react set size:5279895 disposed:false
45 warn ERESOLVE overriding peer dependency {
45 warn ERESOLVE   code: 'ERESOLVE',
45 warn ERESOLVE   edge: {
45 warn ERESOLVE     type: 'peer',
45 warn ERESOLVE     name: 'react',
45 warn ERESOLVE     spec: '^16.8 || ^17 || ^18',
45 warn ERESOLVE     error: 'INVALID',
45 warn ERESOLVE     from: {
45 warn ERESOLVE       name: '@emoji-mart/react',
45 warn ERESOLVE       version: '1.1.1',
45 warn ERESOLVE       location: 'node_modules/@emoji-mart/react',
45 warn ERESOLVE       isWorkspace: false,
45 warn ERESOLVE       dependents: [Array]
45 warn ERESOLVE     }
45 warn ERESOLVE   },
45 warn ERESOLVE   dep: {
45 warn ERESOLVE     name: 'react',
45 warn ERESOLVE     version: '18.3.1',
45 warn ERESOLVE     whileInstalling: {
45 warn ERESOLVE       name: '@emoji-mart/react',
45 warn ERESOLVE       version: '1.1.1',
45 warn ERESOLVE       path: '/Users/mac/Desktop/Telegram clone/client/node_modules/@emoji-mart/react'
45 warn ERESOLVE     },
45 warn ERESOLVE     location: 'node_modules/react',
45 warn ERESOLVE     isWorkspace: false,
45 warn ERESOLVE     dependents: [ [Object] ]
45 warn ERESOLVE   },
45 warn ERESOLVE   force: true,
45 warn ERESOLVE   isMine: true,
45 warn ERESOLVE   strictPeerDeps: false,
45 warn ERESOLVE   current: {
45 warn ERESOLVE     name: 'react',
45 warn ERESOLVE     version: '19.0.0',
45 warn ERESOLVE     location: 'node_modules/react',
45 warn ERESOLVE     isWorkspace: false,
45 warn ERESOLVE     dependents: [
45 warn ERESOLVE       [Object], [Object], [Object], [Object],
45 warn ERESOLVE       [Object], [Object], [Object], [Object],
45 warn ERESOLVE       [Object], [Object], [Object], [Object],
45 warn ERESOLVE       [Object], [Object], [Object], [Object],
45 warn ERESOLVE       [Object], [Object], [Object], [Object],
45 warn ERESOLVE       [Object], [Object], [Object], [Object],
45 warn ERESOLVE       [Object], [Object], [Object], [Object],
45 warn ERESOLVE       [Object], [Object], [Object], [Object],
45 warn ERESOLVE       [Object], [Object], [Object], [Object],
45 warn ERESOLVE       [Object], [Object], [Object], [Object],
45 warn ERESOLVE       [Object], [Object], [Object], [Object],
45 warn ERESOLVE       [Object], [Object], [Object], [Object],
45 warn ERESOLVE       [Object], [Object]
45 warn ERESOLVE     ]
45 warn ERESOLVE   },
45 warn ERESOLVE   peerConflict: {
45 warn ERESOLVE     current: {
45 warn ERESOLVE       name: 'react',
45 warn ERESOLVE       version: '19.0.0',
45 warn ERESOLVE       location: 'node_modules/react',
45 warn ERESOLVE       isWorkspace: false,
45 warn ERESOLVE       dependents: [Array]
45 warn ERESOLVE     },
45 warn ERESOLVE     peer: {
45 warn ERESOLVE       name: 'react',
45 warn ERESOLVE       version: '18.3.1',
45 warn ERESOLVE       whileInstalling: [Object],
45 warn ERESOLVE       location: 'node_modules/react',
45 warn ERESOLVE       isWorkspace: false,
45 warn ERESOLVE       dependents: [Array]
45 warn ERESOLVE     }
45 warn ERESOLVE   }
45 warn ERESOLVE }
46 silly fetch manifest @types/react@*
47 silly packumentCache full:https://registry.npmjs.org/@types%2freact cache-miss
48 http fetch GET 200 https://registry.npmjs.org/@types%2freact 35ms (cache hit)
49 silly packumentCache full:https://registry.npmjs.org/@types%2freact set size:2264247 disposed:false
50 silly fetch manifest @types/react-dom@*
51 silly packumentCache full:https://registry.npmjs.org/@types%2freact-dom cache-miss
52 http fetch GET 200 https://registry.npmjs.org/@types%2freact-dom 4ms (cache hit)
53 silly packumentCache full:https://registry.npmjs.org/@types%2freact-dom set size:372302 disposed:false
54 silly fetch manifest react@^16.8 || ^17.0 || ^18.0 || ^19.0 || ^19.0.0-rc
55 silly packumentCache full:https://registry.npmjs.org/react cache-miss
56 http fetch GET 200 https://registry.npmjs.org/react 12ms (cache hit)
57 silly packumentCache full:https://registry.npmjs.org/react set size:5279895 disposed:false
58 silly fetch manifest react-dom@^16.8 || ^17.0 || ^18.0 || ^19.0 || ^19.0.0-rc
59 silly packumentCache full:https://registry.npmjs.org/react-dom cache-miss
60 http fetch GET 200 https://registry.npmjs.org/react-dom 50ms (cache hit)
61 silly packumentCache full:https://registry.npmjs.org/react-dom set size:6524352 disposed:false
62 silly placeDep ROOT @radix-ui/react-menu@2.1.4 OK for: @radix-ui/react-context-menu@2.2.4 want: 2.1.4
63 silly fetch manifest @radix-ui/react-dismissable-layer@1.1.3
64 silly packumentCache full:https://registry.npmjs.org/@radix-ui%2freact-dismissable-layer cache-miss
65 silly fetch manifest @radix-ui/react-roving-focus@1.1.1
66 silly packumentCache full:https://registry.npmjs.org/@radix-ui%2freact-roving-focus cache-miss
67 silly fetch manifest react-remove-scroll@^2.6.1
68 silly packumentCache full:https://registry.npmjs.org/react-remove-scroll cache-miss
69 http fetch GET 200 https://registry.npmjs.org/@radix-ui%2freact-roving-focus 360ms (cache miss)
70 silly packumentCache full:https://registry.npmjs.org/@radix-ui%2freact-roving-focus set size:undefined disposed:false
71 http fetch GET 200 https://registry.npmjs.org/react-remove-scroll 7524ms (cache updated)
72 silly packumentCache full:https://registry.npmjs.org/react-remove-scroll set size:undefined disposed:false
73 http fetch GET 200 https://registry.npmjs.org/@radix-ui%2freact-dismissable-layer 7974ms (cache updated)
74 silly packumentCache full:https://registry.npmjs.org/@radix-ui%2freact-dismissable-layer set size:undefined disposed:false
75 silly placeDep node_modules/@radix-ui/react-menu @radix-ui/react-dismissable-layer@1.1.3 OK for: @radix-ui/react-menu@2.1.4 want: 1.1.3
76 silly placeDep ROOT @radix-ui/react-roving-focus@1.1.1 OK for: @radix-ui/react-menu@2.1.4 want: 1.1.1
77 silly placeDep ROOT react-remove-scroll@2.6.2 OK for: @radix-ui/react-menu@2.1.4 want: ^2.6.1
78 silly fetch manifest use-callback-ref@^1.3.3
79 silly packumentCache full:https://registry.npmjs.org/use-callback-ref cache-miss
80 http fetch GET 200 https://registry.npmjs.org/use-callback-ref 434ms (cache updated)
81 silly packumentCache full:https://registry.npmjs.org/use-callback-ref set size:undefined disposed:false
82 silly fetch manifest react@^17.0.2 || ^18.0.0
83 silly packumentCache full:https://registry.npmjs.org/react cache-miss
84 http fetch GET 200 https://registry.npmjs.org/react 13ms (cache hit)
85 silly packumentCache full:https://registry.npmjs.org/react set size:5279895 disposed:false
86 warn ERESOLVE overriding peer dependency {
86 warn ERESOLVE   code: 'ERESOLVE',
86 warn ERESOLVE   edge: {
86 warn ERESOLVE     type: 'peer',
86 warn ERESOLVE     name: 'react',
86 warn ERESOLVE     spec: '^17.0.2 || ^18.0.0',
86 warn ERESOLVE     error: 'INVALID',
86 warn ERESOLVE     from: {
86 warn ERESOLVE       name: '@uploadthing/react',
86 warn ERESOLVE       version: '7.1.3',
86 warn ERESOLVE       location: 'node_modules/@uploadthing/react',
86 warn ERESOLVE       isWorkspace: false,
86 warn ERESOLVE       dependents: [Array]
86 warn ERESOLVE     }
86 warn ERESOLVE   },
86 warn ERESOLVE   dep: {
86 warn ERESOLVE     name: 'react',
86 warn ERESOLVE     version: '18.3.1',
86 warn ERESOLVE     whileInstalling: {
86 warn ERESOLVE       name: '@uploadthing/react',
86 warn ERESOLVE       version: '7.1.3',
86 warn ERESOLVE       path: '/Users/mac/Desktop/Telegram clone/client/node_modules/@uploadthing/react'
86 warn ERESOLVE     },
86 warn ERESOLVE     location: 'node_modules/react',
86 warn ERESOLVE     isWorkspace: false,
86 warn ERESOLVE     dependents: [ [Object] ]
86 warn ERESOLVE   },
86 warn ERESOLVE   force: true,
86 warn ERESOLVE   isMine: true,
86 warn ERESOLVE   strictPeerDeps: false,
86 warn ERESOLVE   current: {
86 warn ERESOLVE     name: 'react',
86 warn ERESOLVE     version: '19.0.0',
86 warn ERESOLVE     location: 'node_modules/react',
86 warn ERESOLVE     isWorkspace: false,
86 warn ERESOLVE     dependents: [
86 warn ERESOLVE       [Object], [Object], [Object], [Object],
86 warn ERESOLVE       [Object], [Object], [Object], [Object],
86 warn ERESOLVE       [Object], [Object], [Object], [Object],
86 warn ERESOLVE       [Object], [Object], [Object], [Object],
86 warn ERESOLVE       [Object], [Object], [Object], [Object],
86 warn ERESOLVE       [Object], [Object], [Object], [Object],
86 warn ERESOLVE       [Object], [Object], [Object], [Object],
86 warn ERESOLVE       [Object], [Object], [Object], [Object],
86 warn ERESOLVE       [Object], [Object], [Object], [Object],
86 warn ERESOLVE       [Object], [Object], [Object], [Object],
86 warn ERESOLVE       [Object], [Object], [Object], [Object],
86 warn ERESOLVE       [Object], [Object], [Object], [Object],
86 warn ERESOLVE       [Object], [Object]
86 warn ERESOLVE     ]
86 warn ERESOLVE   },
86 warn ERESOLVE   peerConflict: {
86 warn ERESOLVE     current: {
86 warn ERESOLVE       name: 'react',
86 warn ERESOLVE       version: '19.0.0',
86 warn ERESOLVE       location: 'node_modules/react',
86 warn ERESOLVE       isWorkspace: false,
86 warn ERESOLVE       dependents: [Array]
86 warn ERESOLVE     },
86 warn ERESOLVE     peer: {
86 warn ERESOLVE       name: 'react',
86 warn ERESOLVE       version: '18.3.1',
86 warn ERESOLVE       whileInstalling: [Object],
86 warn ERESOLVE       location: 'node_modules/react',
86 warn ERESOLVE       isWorkspace: false,
86 warn ERESOLVE       dependents: [Array]
86 warn ERESOLVE     }
86 warn ERESOLVE   }
86 warn ERESOLVE }
87 silly fetch manifest react@^0.14.0 || ^15.0.0
88 silly packumentCache full:https://registry.npmjs.org/react cache-miss
89 http fetch GET 200 https://registry.npmjs.org/react 33ms (cache hit)
90 silly packumentCache full:https://registry.npmjs.org/react set size:5279895 disposed:false
91 warn ERESOLVE overriding peer dependency {
91 warn ERESOLVE   code: 'ERESOLVE',
91 warn ERESOLVE   edge: {
91 warn ERESOLVE     type: 'peer',
91 warn ERESOLVE     name: 'react',
91 warn ERESOLVE     spec: '^0.14.0 || ^15.0.0',
91 warn ERESOLVE     error: 'INVALID',
91 warn ERESOLVE     from: {
91 warn ERESOLVE       name: 'react-no-ssr',
91 warn ERESOLVE       version: '1.1.0',
91 warn ERESOLVE       location: 'node_modules/react-no-ssr',
91 warn ERESOLVE       isWorkspace: false,
91 warn ERESOLVE       dependents: [Array]
91 warn ERESOLVE     }
91 warn ERESOLVE   },
91 warn ERESOLVE   dep: {
91 warn ERESOLVE     name: 'react',
91 warn ERESOLVE     version: '15.7.0',
91 warn ERESOLVE     whileInstalling: {
91 warn ERESOLVE       name: 'react-no-ssr',
91 warn ERESOLVE       version: '1.1.0',
91 warn ERESOLVE       path: '/Users/mac/Desktop/Telegram clone/client/node_modules/react-no-ssr'
91 warn ERESOLVE     },
91 warn ERESOLVE     location: 'node_modules/react',
91 warn ERESOLVE     isWorkspace: false,
91 warn ERESOLVE     dependents: [ [Object] ]
91 warn ERESOLVE   },
91 warn ERESOLVE   force: true,
91 warn ERESOLVE   isMine: true,
91 warn ERESOLVE   strictPeerDeps: false,
91 warn ERESOLVE   current: {
91 warn ERESOLVE     name: 'react',
91 warn ERESOLVE     version: '19.0.0',
91 warn ERESOLVE     location: 'node_modules/react',
91 warn ERESOLVE     isWorkspace: false,
91 warn ERESOLVE     dependents: [
91 warn ERESOLVE       [Object], [Object], [Object], [Object],
91 warn ERESOLVE       [Object], [Object], [Object], [Object],
91 warn ERESOLVE       [Object], [Object], [Object], [Object],
91 warn ERESOLVE       [Object], [Object], [Object], [Object],
91 warn ERESOLVE       [Object], [Object], [Object], [Object],
91 warn ERESOLVE       [Object], [Object], [Object], [Object],
91 warn ERESOLVE       [Object], [Object], [Object], [Object],
91 warn ERESOLVE       [Object], [Object], [Object], [Object],
91 warn ERESOLVE       [Object], [Object], [Object], [Object],
91 warn ERESOLVE       [Object], [Object], [Object], [Object],
91 warn ERESOLVE       [Object], [Object], [Object], [Object],
91 warn ERESOLVE       [Object], [Object], [Object], [Object],
91 warn ERESOLVE       [Object], [Object]
91 warn ERESOLVE     ]
91 warn ERESOLVE   },
91 warn ERESOLVE   peerConflict: {
91 warn ERESOLVE     current: {
91 warn ERESOLVE       name: 'react',
91 warn ERESOLVE       version: '19.0.0',
91 warn ERESOLVE       location: 'node_modules/react',
91 warn ERESOLVE       isWorkspace: false,
91 warn ERESOLVE       dependents: [Array]
91 warn ERESOLVE     },
91 warn ERESOLVE     peer: {
91 warn ERESOLVE       name: 'react',
91 warn ERESOLVE       version: '15.7.0',
91 warn ERESOLVE       whileInstalling: [Object],
91 warn ERESOLVE       location: 'node_modules/react',
91 warn ERESOLVE       isWorkspace: false,
91 warn ERESOLVE       dependents: [Array]
91 warn ERESOLVE     }
91 warn ERESOLVE   }
91 warn ERESOLVE }
92 silly fetch manifest react@^16.8.0 || ^17.0.0 || ^18.0.0 || ^19.0.0 || ^19.0.0-rc
93 silly packumentCache full:https://registry.npmjs.org/react cache-miss
94 http fetch GET 200 https://registry.npmjs.org/react 12ms (cache hit)
95 silly packumentCache full:https://registry.npmjs.org/react set size:5279895 disposed:false
96 silly placeDep ROOT use-callback-ref@1.3.3 OK for: react-remove-scroll@2.6.2 want: ^1.3.3
97 silly fetch manifest react@^16.8.0 || ^17.0.0 || ^18.0.0
98 silly packumentCache full:https://registry.npmjs.org/react cache-miss
99 http fetch GET 200 https://registry.npmjs.org/react 34ms (cache hit)
100 silly packumentCache full:https://registry.npmjs.org/react set size:5279895 disposed:false
101 silly fetch manifest @types/react@^16.8.0 || ^17.0.0 || ^18.0.0
102 silly packumentCache full:https://registry.npmjs.org/@types%2freact cache-miss
103 http fetch GET 200 https://registry.npmjs.org/@types%2freact 32ms (cache hit)
104 silly packumentCache full:https://registry.npmjs.org/@types%2freact set size:2264247 disposed:false
105 warn ERESOLVE overriding peer dependency {
105 warn ERESOLVE   code: 'ERESOLVE',
105 warn ERESOLVE   edge: {
105 warn ERESOLVE     type: 'peerOptional',
105 warn ERESOLVE     name: '@types/react',
105 warn ERESOLVE     spec: '^16.8.0 || ^17.0.0 || ^18.0.0',
105 warn ERESOLVE     error: 'INVALID',
105 warn ERESOLVE     from: {
105 warn ERESOLVE       name: 'react-remove-scroll',
105 warn ERESOLVE       version: '2.6.0',
105 warn ERESOLVE       location: 'node_modules/@radix-ui/react-dialog/node_modules/react-remove-scroll',
105 warn ERESOLVE       isWorkspace: false,
105 warn ERESOLVE       dependents: [Array]
105 warn ERESOLVE     }
105 warn ERESOLVE   },
105 warn ERESOLVE   dep: {
105 warn ERESOLVE     name: '@types/react',
105 warn ERESOLVE     version: '18.3.18',
105 warn ERESOLVE     whileInstalling: {
105 warn ERESOLVE       name: 'react-remove-scroll',
105 warn ERESOLVE       version: '2.6.0',
105 warn ERESOLVE       path: '/Users/mac/Desktop/Telegram clone/client/node_modules/@radix-ui/react-dialog/node_modules/react-remove-scroll'
105 warn ERESOLVE     },
105 warn ERESOLVE     location: 'node_modules/@types/react',
105 warn ERESOLVE     isWorkspace: false,
105 warn ERESOLVE     dependents: [ [Object] ]
105 warn ERESOLVE   },
105 warn ERESOLVE   force: true,
105 warn ERESOLVE   isMine: false,
105 warn ERESOLVE   strictPeerDeps: false,
105 warn ERESOLVE   current: {
105 warn ERESOLVE     name: '@types/react',
105 warn ERESOLVE     version: '19.0.1',
105 warn ERESOLVE     location: 'node_modules/@types/react',
105 warn ERESOLVE     isWorkspace: false,
105 warn ERESOLVE     dependents: [
105 warn ERESOLVE       [Object], [Object], [Object], [Object],
105 warn ERESOLVE       [Object], [Object], [Object], [Object],
105 warn ERESOLVE       [Object], [Object], [Object], [Object],
105 warn ERESOLVE       [Object], [Object], [Object], [Object],
105 warn ERESOLVE       [Object], [Object], [Object], [Object],
105 warn ERESOLVE       [Object], [Object], [Object], [Object],
105 warn ERESOLVE       [Object], [Object], [Object], [Object],
105 warn ERESOLVE       [Object], [Object], [Object], [Object],
105 warn ERESOLVE       [Object], [Object], [Object], [Object],
105 warn ERESOLVE       [Object], [Object], [Object], [Object],
105 warn ERESOLVE       [Object], [Object], [Object], [Object],
105 warn ERESOLVE       [Object]
105 warn ERESOLVE     ]
105 warn ERESOLVE   },
105 warn ERESOLVE   peerConflict: {
105 warn ERESOLVE     current: {
105 warn ERESOLVE       name: '@types/react',
105 warn ERESOLVE       version: '19.0.1',
105 warn ERESOLVE       location: 'node_modules/@types/react',
105 warn ERESOLVE       isWorkspace: false,
105 warn ERESOLVE       dependents: [Array]
105 warn ERESOLVE     },
105 warn ERESOLVE     peer: {
105 warn ERESOLVE       name: '@types/react',
105 warn ERESOLVE       version: '18.3.18',
105 warn ERESOLVE       whileInstalling: [Object],
105 warn ERESOLVE       location: 'node_modules/@types/react',
105 warn ERESOLVE       isWorkspace: false,
105 warn ERESOLVE       dependents: [Array]
105 warn ERESOLVE     }
105 warn ERESOLVE   }
105 warn ERESOLVE }
106 warn ERESOLVE overriding peer dependency {
106 warn ERESOLVE   code: 'ERESOLVE',
106 warn ERESOLVE   edge: {
106 warn ERESOLVE     type: 'peer',
106 warn ERESOLVE     name: 'react',
106 warn ERESOLVE     spec: '^16.8.0 || ^17.0.0 || ^18.0.0',
106 warn ERESOLVE     error: 'INVALID',
106 warn ERESOLVE     from: {
106 warn ERESOLVE       name: 'react-remove-scroll',
106 warn ERESOLVE       version: '2.6.0',
106 warn ERESOLVE       location: 'node_modules/@radix-ui/react-dialog/node_modules/react-remove-scroll',
106 warn ERESOLVE       isWorkspace: false,
106 warn ERESOLVE       dependents: [Array]
106 warn ERESOLVE     }
106 warn ERESOLVE   },
106 warn ERESOLVE   dep: {
106 warn ERESOLVE     name: 'react',
106 warn ERESOLVE     version: '18.3.1',
106 warn ERESOLVE     whileInstalling: {
106 warn ERESOLVE       name: 'react-remove-scroll',
106 warn ERESOLVE       version: '2.6.0',
106 warn ERESOLVE       path: '/Users/mac/Desktop/Telegram clone/client/node_modules/@radix-ui/react-dialog/node_modules/react-remove-scroll'
106 warn ERESOLVE     },
106 warn ERESOLVE     location: 'node_modules/react',
106 warn ERESOLVE     isWorkspace: false,
106 warn ERESOLVE     dependents: [ [Object] ]
106 warn ERESOLVE   },
106 warn ERESOLVE   force: true,
106 warn ERESOLVE   isMine: false,
106 warn ERESOLVE   strictPeerDeps: false,
106 warn ERESOLVE   current: {
106 warn ERESOLVE     name: 'react',
106 warn ERESOLVE     version: '19.0.0',
106 warn ERESOLVE     location: 'node_modules/react',
106 warn ERESOLVE     isWorkspace: false,
106 warn ERESOLVE     dependents: [
106 warn ERESOLVE       [Object], [Object], [Object], [Object],
106 warn ERESOLVE       [Object], [Object], [Object], [Object],
106 warn ERESOLVE       [Object], [Object], [Object], [Object],
106 warn ERESOLVE       [Object], [Object], [Object], [Object],
106 warn ERESOLVE       [Object], [Object], [Object], [Object],
106 warn ERESOLVE       [Object], [Object], [Object], [Object],
106 warn ERESOLVE       [Object], [Object], [Object], [Object],
106 warn ERESOLVE       [Object], [Object], [Object], [Object],
106 warn ERESOLVE       [Object], [Object], [Object], [Object],
106 warn ERESOLVE       [Object], [Object], [Object], [Object],
106 warn ERESOLVE       [Object], [Object], [Object], [Object],
106 warn ERESOLVE       [Object], [Object], [Object], [Object],
106 warn ERESOLVE       [Object], [Object]
106 warn ERESOLVE     ]
106 warn ERESOLVE   },
106 warn ERESOLVE   peerConflict: {
106 warn ERESOLVE     current: {
106 warn ERESOLVE       name: 'react',
106 warn ERESOLVE       version: '19.0.0',
106 warn ERESOLVE       location: 'node_modules/react',
106 warn ERESOLVE       isWorkspace: false,
106 warn ERESOLVE       dependents: [Array]
106 warn ERESOLVE     },
106 warn ERESOLVE     peer: {
106 warn ERESOLVE       name: 'react',
106 warn ERESOLVE       version: '18.3.1',
106 warn ERESOLVE       whileInstalling: [Object],
106 warn ERESOLVE       location: 'node_modules/react',
106 warn ERESOLVE       isWorkspace: false,
106 warn ERESOLVE       dependents: [Array]
106 warn ERESOLVE     }
106 warn ERESOLVE   }
106 warn ERESOLVE }
107 warn ERESOLVE overriding peer dependency {
107 warn ERESOLVE   code: 'ERESOLVE',
107 warn ERESOLVE   edge: {
107 warn ERESOLVE     type: 'peerOptional',
107 warn ERESOLVE     name: '@types/react',
107 warn ERESOLVE     spec: '^16.8.0 || ^17.0.0 || ^18.0.0',
107 warn ERESOLVE     error: 'INVALID',
107 warn ERESOLVE     from: {
107 warn ERESOLVE       name: 'react-remove-scroll',
107 warn ERESOLVE       version: '2.6.0',
107 warn ERESOLVE       location: 'node_modules/@radix-ui/react-popover/node_modules/react-remove-scroll',
107 warn ERESOLVE       isWorkspace: false,
107 warn ERESOLVE       dependents: [Array]
107 warn ERESOLVE     }
107 warn ERESOLVE   },
107 warn ERESOLVE   dep: {
107 warn ERESOLVE     name: '@types/react',
107 warn ERESOLVE     version: '18.3.18',
107 warn ERESOLVE     whileInstalling: {
107 warn ERESOLVE       name: 'react-remove-scroll',
107 warn ERESOLVE       version: '2.6.0',
107 warn ERESOLVE       path: '/Users/mac/Desktop/Telegram clone/client/node_modules/@radix-ui/react-popover/node_modules/react-remove-scroll'
107 warn ERESOLVE     },
107 warn ERESOLVE     location: 'node_modules/@types/react',
107 warn ERESOLVE     isWorkspace: false,
107 warn ERESOLVE     dependents: [ [Object] ]
107 warn ERESOLVE   },
107 warn ERESOLVE   force: true,
107 warn ERESOLVE   isMine: false,
107 warn ERESOLVE   strictPeerDeps: false,
107 warn ERESOLVE   current: {
107 warn ERESOLVE     name: '@types/react',
107 warn ERESOLVE     version: '19.0.1',
107 warn ERESOLVE     location: 'node_modules/@types/react',
107 warn ERESOLVE     isWorkspace: false,
107 warn ERESOLVE     dependents: [
107 warn ERESOLVE       [Object], [Object], [Object], [Object],
107 warn ERESOLVE       [Object], [Object], [Object], [Object],
107 warn ERESOLVE       [Object], [Object], [Object], [Object],
107 warn ERESOLVE       [Object], [Object], [Object], [Object],
107 warn ERESOLVE       [Object], [Object], [Object], [Object],
107 warn ERESOLVE       [Object], [Object], [Object], [Object],
107 warn ERESOLVE       [Object], [Object], [Object], [Object],
107 warn ERESOLVE       [Object], [Object], [Object], [Object],
107 warn ERESOLVE       [Object], [Object], [Object], [Object],
107 warn ERESOLVE       [Object], [Object], [Object], [Object],
107 warn ERESOLVE       [Object], [Object], [Object], [Object],
107 warn ERESOLVE       [Object]
107 warn ERESOLVE     ]
107 warn ERESOLVE   },
107 warn ERESOLVE   peerConflict: {
107 warn ERESOLVE     current: {
107 warn ERESOLVE       name: '@types/react',
107 warn ERESOLVE       version: '19.0.1',
107 warn ERESOLVE       location: 'node_modules/@types/react',
107 warn ERESOLVE       isWorkspace: false,
107 warn ERESOLVE       dependents: [Array]
107 warn ERESOLVE     },
107 warn ERESOLVE     peer: {
107 warn ERESOLVE       name: '@types/react',
107 warn ERESOLVE       version: '18.3.18',
107 warn ERESOLVE       whileInstalling: [Object],
107 warn ERESOLVE       location: 'node_modules/@types/react',
107 warn ERESOLVE       isWorkspace: false,
107 warn ERESOLVE       dependents: [Array]
107 warn ERESOLVE     }
107 warn ERESOLVE   }
107 warn ERESOLVE }
108 warn ERESOLVE overriding peer dependency {
108 warn ERESOLVE   code: 'ERESOLVE',
108 warn ERESOLVE   edge: {
108 warn ERESOLVE     type: 'peer',
108 warn ERESOLVE     name: 'react',
108 warn ERESOLVE     spec: '^16.8.0 || ^17.0.0 || ^18.0.0',
108 warn ERESOLVE     error: 'INVALID',
108 warn ERESOLVE     from: {
108 warn ERESOLVE       name: 'react-remove-scroll',
108 warn ERESOLVE       version: '2.6.0',
108 warn ERESOLVE       location: 'node_modules/@radix-ui/react-popover/node_modules/react-remove-scroll',
108 warn ERESOLVE       isWorkspace: false,
108 warn ERESOLVE       dependents: [Array]
108 warn ERESOLVE     }
108 warn ERESOLVE   },
108 warn ERESOLVE   dep: {
108 warn ERESOLVE     name: 'react',
108 warn ERESOLVE     version: '18.3.1',
108 warn ERESOLVE     whileInstalling: {
108 warn ERESOLVE       name: 'react-remove-scroll',
108 warn ERESOLVE       version: '2.6.0',
108 warn ERESOLVE       path: '/Users/mac/Desktop/Telegram clone/client/node_modules/@radix-ui/react-popover/node_modules/react-remove-scroll'
108 warn ERESOLVE     },
108 warn ERESOLVE     location: 'node_modules/react',
108 warn ERESOLVE     isWorkspace: false,
108 warn ERESOLVE     dependents: [ [Object] ]
108 warn ERESOLVE   },
108 warn ERESOLVE   force: true,
108 warn ERESOLVE   isMine: false,
108 warn ERESOLVE   strictPeerDeps: false,
108 warn ERESOLVE   current: {
108 warn ERESOLVE     name: 'react',
108 warn ERESOLVE     version: '19.0.0',
108 warn ERESOLVE     location: 'node_modules/react',
108 warn ERESOLVE     isWorkspace: false,
108 warn ERESOLVE     dependents: [
108 warn ERESOLVE       [Object], [Object], [Object], [Object],
108 warn ERESOLVE       [Object], [Object], [Object], [Object],
108 warn ERESOLVE       [Object], [Object], [Object], [Object],
108 warn ERESOLVE       [Object], [Object], [Object], [Object],
108 warn ERESOLVE       [Object], [Object], [Object], [Object],
108 warn ERESOLVE       [Object], [Object], [Object], [Object],
108 warn ERESOLVE       [Object], [Object], [Object], [Object],
108 warn ERESOLVE       [Object], [Object], [Object], [Object],
108 warn ERESOLVE       [Object], [Object], [Object], [Object],
108 warn ERESOLVE       [Object], [Object], [Object], [Object],
108 warn ERESOLVE       [Object], [Object], [Object], [Object],
108 warn ERESOLVE       [Object], [Object], [Object], [Object],
108 warn ERESOLVE       [Object], [Object]
108 warn ERESOLVE     ]
108 warn ERESOLVE   },
108 warn ERESOLVE   peerConflict: {
108 warn ERESOLVE     current: {
108 warn ERESOLVE       name: 'react',
108 warn ERESOLVE       version: '19.0.0',
108 warn ERESOLVE       location: 'node_modules/react',
108 warn ERESOLVE       isWorkspace: false,
108 warn ERESOLVE       dependents: [Array]
108 warn ERESOLVE     },
108 warn ERESOLVE     peer: {
108 warn ERESOLVE       name: 'react',
108 warn ERESOLVE       version: '18.3.1',
108 warn ERESOLVE       whileInstalling: [Object],
108 warn ERESOLVE       location: 'node_modules/react',
108 warn ERESOLVE       isWorkspace: false,
108 warn ERESOLVE       dependents: [Array]
108 warn ERESOLVE     }
108 warn ERESOLVE   }
108 warn ERESOLVE }
109 silly reify mark retired [
109 silly reify   '/Users/mac/Desktop/Telegram clone/client/node_modules/@radix-ui/react-dialog/node_modules/react-remove-scroll/node_modules/use-callback-ref'
109 silly reify ]
110 silly reify mark retired [
110 silly reify   '/Users/mac/Desktop/Telegram clone/client/node_modules/@radix-ui/react-popover/node_modules/react-remove-scroll/node_modules/use-callback-ref'
110 silly reify ]
111 silly reify moves {
111 silly reify   '/Users/mac/Desktop/Telegram clone/client/node_modules/@radix-ui/react-dialog/node_modules/react-remove-scroll/node_modules/use-callback-ref': '/Users/mac/Desktop/Telegram clone/client/node_modules/@radix-ui/react-dialog/node_modules/react-remove-scroll/node_modules/.use-callback-ref-kcr0omo7',
111 silly reify   '/Users/mac/Desktop/Telegram clone/client/node_modules/@radix-ui/react-popover/node_modules/react-remove-scroll/node_modules/use-callback-ref': '/Users/mac/Desktop/Telegram clone/client/node_modules/@radix-ui/react-popover/node_modules/react-remove-scroll/node_modules/.use-callback-ref-NK7XNPFv'
111 silly reify }
112 silly audit bulk request {
112 silly audit   '@alloc/quick-lru': [ '5.2.0' ],
112 silly audit   '@babel/runtime': [ '7.26.0' ],
112 silly audit   'regenerator-runtime': [ '0.14.1', '0.11.1' ],
112 silly audit   '@effect/platform': [ '0.70.7' ],
112 silly audit   '@emnapi/runtime': [ '1.3.1' ],
112 silly audit   '@emoji-mart/data': [ '1.2.1' ],
112 silly audit   '@emoji-mart/react': [ '1.1.1' ],
112 silly audit   '@eslint-community/eslint-utils': [ '4.4.1' ],
112 silly audit   'eslint-visitor-keys': [ '3.4.3', '4.2.0' ],
112 silly audit   '@eslint-community/regexpp': [ '4.12.1' ],
112 silly audit   '@eslint/config-array': [ '0.19.1' ],
112 silly audit   '@eslint/core': [ '0.9.1' ],
112 silly audit   '@eslint/eslintrc': [ '3.2.0' ],
112 silly audit   '@eslint/js': [ '9.16.0' ],
112 silly audit   '@eslint/object-schema': [ '2.1.5' ],
112 silly audit   '@eslint/plugin-kit': [ '0.2.4' ],
112 silly audit   '@floating-ui/core': [ '1.6.8' ],
112 silly audit   '@floating-ui/dom': [ '1.6.12' ],
112 silly audit   '@floating-ui/react-dom': [ '2.1.2' ],
112 silly audit   '@floating-ui/utils': [ '0.2.8' ],
112 silly audit   '@hookform/resolvers': [ '3.9.1' ],
112 silly audit   '@humanfs/core': [ '0.19.1' ],
112 silly audit   '@humanfs/node': [ '0.16.6' ],
112 silly audit   '@humanwhocodes/retry': [ '0.3.1', '0.4.1' ],
112 silly audit   '@humanwhocodes/module-importer': [ '1.0.1' ],
112 silly audit   '@img/sharp-darwin-arm64': [ '0.33.5' ],
112 silly audit   '@img/sharp-darwin-x64': [ '0.33.5' ],
112 silly audit   '@img/sharp-libvips-darwin-arm64': [ '1.0.4' ],
112 silly audit   '@img/sharp-libvips-darwin-x64': [ '1.0.4' ],
112 silly audit   '@img/sharp-libvips-linux-arm': [ '1.0.5' ],
112 silly audit   '@img/sharp-libvips-linux-arm64': [ '1.0.4' ],
112 silly audit   '@img/sharp-libvips-linux-s390x': [ '1.0.4' ],
112 silly audit   '@img/sharp-libvips-linux-x64': [ '1.0.4' ],
112 silly audit   '@img/sharp-libvips-linuxmusl-arm64': [ '1.0.4' ],
112 silly audit   '@img/sharp-libvips-linuxmusl-x64': [ '1.0.4' ],
112 silly audit   '@img/sharp-linux-arm': [ '0.33.5' ],
112 silly audit   '@img/sharp-linux-arm64': [ '0.33.5' ],
112 silly audit   '@img/sharp-linux-s390x': [ '0.33.5' ],
112 silly audit   '@img/sharp-linux-x64': [ '0.33.5' ],
112 silly audit   '@img/sharp-linuxmusl-arm64': [ '0.33.5' ],
112 silly audit   '@img/sharp-linuxmusl-x64': [ '0.33.5' ],
112 silly audit   '@img/sharp-wasm32': [ '0.33.5' ],
112 silly audit   '@img/sharp-win32-ia32': [ '0.33.5' ],
112 silly audit   '@img/sharp-win32-x64': [ '0.33.5' ],
112 silly audit   '@isaacs/cliui': [ '8.0.2' ],
112 silly audit   '@jridgewell/gen-mapping': [ '0.3.8' ],
112 silly audit   '@jridgewell/resolve-uri': [ '3.1.2' ],
112 silly audit   '@jridgewell/set-array': [ '1.2.1' ],
112 silly audit   '@jridgewell/sourcemap-codec': [ '1.5.0' ],
112 silly audit   '@jridgewell/trace-mapping': [ '0.3.25' ],
112 silly audit   '@mongodb-js/saslprep': [ '1.1.9' ],
112 silly audit   '@next/env': [ '15.1.0' ],
112 silly audit   '@next/eslint-plugin-next': [ '15.1.0' ],
112 silly audit   '@next/swc-darwin-arm64': [ '15.1.0' ],
112 silly audit   '@next/swc-darwin-x64': [ '15.1.0' ],
112 silly audit   '@next/swc-linux-arm64-gnu': [ '15.1.0' ],
112 silly audit   '@next/swc-linux-arm64-musl': [ '15.1.0' ],
112 silly audit   '@next/swc-linux-x64-gnu': [ '15.1.0' ],
112 silly audit   '@next/swc-linux-x64-musl': [ '15.1.0' ],
112 silly audit   '@next/swc-win32-arm64-msvc': [ '15.1.0' ],
112 silly audit   '@next/swc-win32-x64-msvc': [ '15.1.0' ],
112 silly audit   '@nodelib/fs.scandir': [ '2.1.5' ],
112 silly audit   '@nodelib/fs.stat': [ '2.0.5' ],
112 silly audit   '@nodelib/fs.walk': [ '1.2.8' ],
112 silly audit   '@nolyfill/is-core-module': [ '1.0.39' ],
112 silly audit   '@panva/hkdf': [ '1.2.1' ],
112 silly audit   '@pkgjs/parseargs': [ '0.11.0' ],
112 silly audit   '@radix-ui/primitive': [ '1.1.1' ],
112 silly audit   '@radix-ui/react-accordion': [ '1.2.2' ],
112 silly audit   '@radix-ui/react-arrow': [ '1.1.1' ],
112 silly audit   '@radix-ui/react-avatar': [ '1.1.2' ],
112 silly audit   '@radix-ui/react-collapsible': [ '1.1.2' ],
112 silly audit   '@radix-ui/react-collection': [ '1.1.1' ],
112 silly audit   '@radix-ui/react-compose-refs': [ '1.1.1' ],
112 silly audit   '@radix-ui/react-context': [ '1.1.1' ],
112 silly audit   '@radix-ui/react-dialog': [ '1.1.3' ],
112 silly audit   'react-remove-scroll': [ '2.6.0', '2.6.2' ],
112 silly audit   'use-callback-ref': [ '1.3.3' ],
112 silly audit   '@radix-ui/react-direction': [ '1.1.0' ],
112 silly audit   '@radix-ui/react-dismissable-layer': [ '1.1.2', '1.1.3' ],
112 silly audit   '@radix-ui/react-focus-guards': [ '1.1.1' ],
112 silly audit   '@radix-ui/react-focus-scope': [ '1.1.1' ],
112 silly audit   '@radix-ui/react-id': [ '1.1.0' ],
112 silly audit   '@radix-ui/react-label': [ '2.1.1' ],
112 silly audit   '@radix-ui/react-popover': [ '1.1.3' ],
112 silly audit   '@radix-ui/react-popper': [ '1.2.1' ],
112 silly audit   '@radix-ui/react-portal': [ '1.1.3' ],
112 silly audit   '@radix-ui/react-presence': [ '1.1.2' ],
112 silly audit   '@radix-ui/react-primitive': [ '2.0.1' ],
112 silly audit   '@radix-ui/react-separator': [ '1.1.1' ],
112 silly audit   '@radix-ui/react-slot': [ '1.1.1' ],
112 silly audit   '@radix-ui/react-switch': [ '1.1.2' ],
112 silly audit   '@radix-ui/react-toast': [ '1.2.4' ],
112 silly audit   '@radix-ui/react-use-callback-ref': [ '1.1.0' ],
112 silly audit   '@radix-ui/react-use-controllable-state': [ '1.1.0' ],
112 silly audit   '@radix-ui/react-use-escape-keydown': [ '1.1.0' ],
112 silly audit   '@radix-ui/react-use-layout-effect': [ '1.1.0' ],
112 silly audit   '@radix-ui/react-use-previous': [ '1.1.0' ],
112 silly audit   '@radix-ui/react-use-rect': [ '1.1.0' ],
112 silly audit   '@radix-ui/react-use-size': [ '1.1.0' ],
112 silly audit   '@radix-ui/react-visually-hidden': [ '1.1.1' ],
112 silly audit   '@radix-ui/rect': [ '1.1.0' ],
112 silly audit   '@rtsao/scc': [ '1.1.0' ],
112 silly audit   '@rushstack/eslint-patch': [ '1.10.4' ],
112 silly audit   '@socket.io/component-emitter': [ '3.1.2' ],
112 silly audit   '@standard-schema/spec': [ '1.0.0-beta.3' ],
112 silly audit   '@swc/counter': [ '0.1.3' ],
112 silly audit   '@swc/helpers': [ '0.5.15' ],
112 silly audit   '@tanstack/query-core': [ '5.62.8' ],
112 silly audit   '@tanstack/react-query': [ '5.62.8' ],
112 silly audit   '@types/estree': [ '1.0.6' ],
112 silly audit   '@types/json-schema': [ '7.0.15' ],
112 silly audit   '@types/json5': [ '0.0.29' ],
112 silly audit   '@types/jsonwebtoken': [ '9.0.7' ],
112 silly audit   '@types/node': [ '20.17.10' ],
112 silly audit   '@types/react': [ '19.0.1' ],
112 silly audit   '@types/react-dom': [ '19.0.2' ],
112 silly audit   '@types/react-no-ssr': [ '1.1.8' ],
112 silly audit   '@types/webidl-conversions': [ '7.0.3' ],
112 silly audit   '@types/whatwg-url': [ '11.0.5' ],
112 silly audit   '@typescript-eslint/eslint-plugin': [ '8.18.0' ],
112 silly audit   '@typescript-eslint/parser': [ '8.18.0' ],
112 silly audit   '@typescript-eslint/scope-manager': [ '8.18.0' ],
112 silly audit   '@typescript-eslint/type-utils': [ '8.18.0' ],
112 silly audit   '@typescript-eslint/types': [ '8.18.0' ],
112 silly audit   '@typescript-eslint/typescript-estree': [ '8.18.0' ],
112 silly audit   'brace-expansion': [ '2.0.1', '1.1.11' ],
112 silly audit   'fast-glob': [ '3.3.2', '3.3.1' ],
112 silly audit   'glob-parent': [ '5.1.2', '6.0.2' ],
112 silly audit   minimatch: [ '9.0.5', '3.1.2' ],
112 silly audit   '@typescript-eslint/utils': [ '8.18.0' ],
112 silly audit   '@typescript-eslint/visitor-keys': [ '8.18.0' ],
112 silly audit   '@uploadthing/mime-types': [ '0.3.2' ],
112 silly audit   '@uploadthing/react': [ '7.1.3' ],
112 silly audit   '@uploadthing/shared': [ '7.1.3' ],
112 silly audit   acorn: [ '8.14.0' ],
112 silly audit   'acorn-jsx': [ '5.3.2' ],
112 silly audit   ajv: [ '6.12.6' ],
112 silly audit   'ansi-regex': [ '6.1.0', '5.0.1' ],
112 silly audit   'ansi-styles': [ '4.3.0', '6.2.1' ],
112 silly audit   'any-promise': [ '1.3.0' ],
112 silly audit   anymatch: [ '3.1.3' ],
112 silly audit   arg: [ '5.0.2' ],
112 silly audit   argparse: [ '2.0.1' ],
112 silly audit   'aria-hidden': [ '1.2.4' ],
112 silly audit   'aria-query': [ '5.3.2' ],
112 silly audit   'array-buffer-byte-length': [ '1.0.1' ],
112 silly audit   'array-includes': [ '3.1.8' ],
112 silly audit   'array.prototype.findlast': [ '1.2.5' ],
112 silly audit   'array.prototype.findlastindex': [ '1.2.5' ],
112 silly audit   'array.prototype.flat': [ '1.3.2' ],
112 silly audit   'array.prototype.flatmap': [ '1.3.2' ],
112 silly audit   'array.prototype.tosorted': [ '1.1.4' ],
112 silly audit   'arraybuffer.prototype.slice': [ '1.0.3' ],
112 silly audit   'ast-types-flow': [ '0.0.8' ],
112 silly audit   asynckit: [ '0.4.0' ],
112 silly audit   'available-typed-arrays': [ '1.0.7' ],
112 silly audit   'axe-core': [ '4.10.2' ],
112 silly audit   axios: [ '1.7.9' ],
112 silly audit   'axobject-query': [ '4.1.0' ],
112 silly audit   'babel-runtime': [ '6.26.0' ],
112 silly audit   'balanced-match': [ '1.0.2' ],
112 silly audit   'binary-extensions': [ '2.3.0' ],
112 silly audit   braces: [ '3.0.3' ],
112 silly audit   bson: [ '6.10.1' ],
112 silly audit   'buffer-equal-constant-time': [ '1.0.1' ],
112 silly audit   busboy: [ '1.6.0' ],
112 silly audit   'call-bind': [ '1.0.8' ],
112 silly audit   'call-bind-apply-helpers': [ '1.0.1' ],
112 silly audit   'call-bound': [ '1.0.2' ],
112 silly audit   callsites: [ '3.1.0' ],
112 silly audit   'camelcase-css': [ '2.0.1' ],
112 silly audit   'caniuse-lite': [ '1.0.30001687' ],
112 silly audit   chalk: [ '4.1.2' ],
112 silly audit   chokidar: [ '3.6.0' ],
112 silly audit   'class-variance-authority': [ '0.7.1' ],
112 silly audit   'client-only': [ '0.0.1' ],
112 silly audit   clsx: [ '2.1.1' ],
112 silly audit   color: [ '4.2.3' ],
112 silly audit   'color-convert': [ '2.0.1' ],
112 silly audit   'color-name': [ '1.1.4' ],
112 silly audit   'color-string': [ '1.9.1' ],
112 silly audit   'combined-stream': [ '1.0.8' ],
112 silly audit   commander: [ '4.1.1' ],
112 silly audit   'concat-map': [ '0.0.1' ],
112 silly audit   cookie: [ '0.7.2' ],
112 silly audit   'core-js': [ '2.6.12' ],
112 silly audit   'cross-spawn': [ '7.0.6' ],
112 silly audit   cssesc: [ '3.0.0' ],
112 silly audit   csstype: [ '3.1.3' ],
112 silly audit   'damerau-levenshtein': [ '1.0.8' ],
112 silly audit   'data-view-buffer': [ '1.0.1' ],
112 silly audit   'data-view-byte-length': [ '1.0.1' ],
112 silly audit   'data-view-byte-offset': [ '1.0.0' ],
112 silly audit   'date-fns': [ '4.1.0' ],
112 silly audit   debug: [ '4.4.0', '4.3.7', '3.2.7' ],
112 silly audit   'deep-is': [ '0.1.4' ],
112 silly audit   'define-data-property': [ '1.1.4' ],
112 silly audit   'define-properties': [ '1.2.1' ],
112 silly audit   'delayed-stream': [ '1.0.0' ],
112 silly audit   'detect-libc': [ '2.0.3' ],
112 silly audit   'detect-node-es': [ '1.1.0' ],
112 silly audit   didyoumean: [ '1.2.2' ],
112 silly audit   dlv: [ '1.1.3' ],
112 silly audit   doctrine: [ '2.1.0' ],
112 silly audit   'dunder-proto': [ '1.0.0' ],
112 silly audit   eastasianwidth: [ '0.2.0' ],
112 silly audit   'ecdsa-sig-formatter': [ '1.0.11' ],
112 silly audit   effect: [ '3.11.5' ],
112 silly audit   'emoji-mart': [ '5.6.0' ],
112 silly audit   'emoji-regex': [ '9.2.2', '8.0.0' ],
112 silly audit   'engine.io-client': [ '6.6.2' ],
112 silly audit   'engine.io-parser': [ '5.2.3' ],
112 silly audit   'enhanced-resolve': [ '5.17.1' ],
112 silly audit   'es-abstract': [ '1.23.5' ],
112 silly audit   'es-define-property': [ '1.0.1' ],
112 silly audit   'es-errors': [ '1.3.0' ],
112 silly audit   'es-iterator-helpers': [ '1.2.0' ],
112 silly audit   'es-object-atoms': [ '1.0.0' ],
112 silly audit   'es-set-tostringtag': [ '2.0.3' ],
112 silly audit   'es-shim-unscopables': [ '1.0.2' ],
112 silly audit   'es-to-primitive': [ '1.3.0' ],
112 silly audit   'escape-string-regexp': [ '4.0.0' ],
112 silly audit   eslint: [ '9.16.0' ],
112 silly audit   'eslint-config-next': [ '15.1.0' ],
112 silly audit   'eslint-plugin-react-hooks': [ '5.1.0', '5.2.0-canary-de82912e-20241220' ],
112 silly audit   'eslint-import-resolver-node': [ '0.3.9' ],
112 silly audit   'eslint-import-resolver-typescript': [ '3.7.0' ],
112 silly audit   'eslint-module-utils': [ '2.12.0' ],
112 silly audit   'eslint-plugin-import': [ '2.31.0' ],
112 silly audit   semver: [ '6.3.1', '7.6.3' ],
112 silly audit   'eslint-plugin-jsx-a11y': [ '6.10.2' ],
112 silly audit   'eslint-plugin-react': [ '7.37.2' ],
112 silly audit   resolve: [ '2.0.0-next.5', '1.22.8' ],
112 silly audit   'eslint-scope': [ '8.2.0' ],
112 silly audit   espree: [ '10.3.0' ],
112 silly audit   esquery: [ '1.6.0' ],
112 silly audit   esrecurse: [ '4.3.0' ],
112 silly audit   estraverse: [ '5.3.0' ],
112 silly audit   esutils: [ '2.0.3' ],
112 silly audit   'fast-check': [ '3.23.2' ],
112 silly audit   'fast-deep-equal': [ '3.1.3' ],
112 silly audit   'fast-json-stable-stringify': [ '2.1.0' ],
112 silly audit   'fast-levenshtein': [ '2.0.6' ],
112 silly audit   fastq: [ '1.17.1' ],
112 silly audit   'file-entry-cache': [ '8.0.0' ],
112 silly audit   'file-selector': [ '0.6.0' ],
112 silly audit   'fill-range': [ '7.1.1' ],
112 silly audit   'find-my-way-ts': [ '0.1.5' ],
112 silly audit   'find-up': [ '5.0.0' ],
112 silly audit   'flat-cache': [ '4.0.1' ],
112 silly audit   flatted: [ '3.3.2' ],
112 silly audit   'follow-redirects': [ '1.15.9' ],
112 silly audit   'for-each': [ '0.3.3' ],
112 silly audit   'foreground-child': [ '3.3.0' ],
112 silly audit   'form-data': [ '4.0.1' ],
112 silly audit   fsevents: [ '2.3.3' ],
112 silly audit   'function-bind': [ '1.1.2' ],
112 silly audit   'function.prototype.name': [ '1.1.6' ],
112 silly audit   'functions-have-names': [ '1.2.3' ],
112 silly audit   'get-intrinsic': [ '1.2.6' ],
112 silly audit   'get-nonce': [ '1.0.1' ],
112 silly audit   'get-symbol-description': [ '1.0.2' ],
112 silly audit   'get-tsconfig': [ '4.8.1' ],
112 silly audit   glob: [ '10.4.5' ],
112 silly audit   globals: [ '14.0.0' ],
112 silly audit   globalthis: [ '1.0.4' ],
112 silly audit   gopd: [ '1.2.0' ],
112 silly audit   'graceful-fs': [ '4.2.11' ],
112 silly audit   graphemer: [ '1.4.0' ],
112 silly audit   'has-bigints': [ '1.0.2' ],
112 silly audit   'has-flag': [ '4.0.0' ],
112 silly audit   'has-property-descriptors': [ '1.0.2' ],
112 silly audit   'has-proto': [ '1.2.0' ],
112 silly audit   'has-symbols': [ '1.1.0' ],
112 silly audit   'has-tostringtag': [ '1.0.2' ],
112 silly audit   hasown: [ '2.0.2' ],
112 silly audit   howler: [ '2.2.4' ],
112 silly audit   ignore: [ '5.3.2' ],
112 silly audit   'import-fresh': [ '3.3.0' ],
112 silly audit   imurmurhash: [ '0.1.4' ],
112 silly audit   'input-otp': [ '1.4.1' ],
112 silly audit   'internal-slot': [ '1.0.7' ],
112 silly audit   'is-array-buffer': [ '3.0.4' ],
112 silly audit   'is-arrayish': [ '0.3.2' ],
112 silly audit   'is-async-function': [ '2.0.0' ],
112 silly audit   'is-bigint': [ '1.1.0' ],
112 silly audit   'is-binary-path': [ '2.1.0' ],
112 silly audit   'is-boolean-object': [ '1.2.0' ],
112 silly audit   'is-bun-module': [ '1.3.0' ],
112 silly audit   'is-callable': [ '1.2.7' ],
112 silly audit   'is-core-module': [ '2.15.1' ],
112 silly audit   'is-data-view': [ '1.0.1' ],
112 silly audit   'is-date-object': [ '1.0.5' ],
112 silly audit   'is-extglob': [ '2.1.1' ],
112 silly audit   'is-finalizationregistry': [ '1.1.0' ],
112 silly audit   'is-fullwidth-code-point': [ '3.0.0' ],
112 silly audit   'is-generator-function': [ '1.0.10' ],
112 silly audit   'is-glob': [ '4.0.3' ],
112 silly audit   'is-map': [ '2.0.3' ],
112 silly audit   'is-negative-zero': [ '2.0.3' ],
112 silly audit   'is-number': [ '7.0.0' ],
112 silly audit   'is-number-object': [ '1.1.0' ],
112 silly audit   'is-regex': [ '1.2.0' ],
112 silly audit   'is-set': [ '2.0.3' ],
112 silly audit   'is-shared-array-buffer': [ '1.0.3' ],
112 silly audit   'is-string': [ '1.1.0' ],
112 silly audit   'is-symbol': [ '1.1.0' ],
112 silly audit   'is-typed-array': [ '1.1.13' ],
112 silly audit   'is-weakmap': [ '2.0.2' ],
112 silly audit   'is-weakref': [ '1.0.2' ],
112 silly audit   'is-weakset': [ '2.0.3' ],
112 silly audit   isarray: [ '2.0.5' ],
112 silly audit   isexe: [ '2.0.0' ],
112 silly audit   'iterator.prototype': [ '1.1.3' ],
112 silly audit   jackspeak: [ '3.4.3' ],
112 silly audit   jiti: [ '1.21.6' ],
112 silly audit   jose: [ '4.15.9' ],
112 silly audit   'js-tokens': [ '4.0.0' ],
112 silly audit   'js-yaml': [ '4.1.0' ],
112 silly audit   'json-buffer': [ '3.0.1' ],
112 silly audit   'json-schema-traverse': [ '0.4.1' ],
112 silly audit   'json-stable-stringify-without-jsonify': [ '1.0.1' ],
112 silly audit   json5: [ '1.0.2' ],
112 silly audit   jsonwebtoken: [ '9.0.2' ],
112 silly audit   'jsx-ast-utils': [ '3.3.5' ],
112 silly audit   jwa: [ '1.4.1' ],
112 silly audit   jws: [ '3.2.2' ],
112 silly audit   kareem: [ '2.6.3' ],
112 silly audit   keyv: [ '4.5.4' ],
112 silly audit   'language-subtag-registry': [ '0.3.23' ],
112 silly audit   'language-tags': [ '1.0.9' ],
112 silly audit   levn: [ '0.4.1' ],
112 silly audit   lilconfig: [ '3.1.3' ],
112 silly audit   'lines-and-columns': [ '1.2.4' ],
112 silly audit   'locate-path': [ '6.0.0' ],
112 silly audit   'lodash.includes': [ '4.3.0' ],
112 silly audit   'lodash.isboolean': [ '3.0.3' ],
112 silly audit   'lodash.isinteger': [ '4.0.4' ],
112 silly audit   'lodash.isnumber': [ '3.0.3' ],
112 silly audit   'lodash.isplainobject': [ '4.0.6' ],
112 silly audit   'lodash.isstring': [ '4.0.1' ],
112 silly audit   'lodash.merge': [ '4.6.2' ],
112 silly audit   'lodash.once': [ '4.1.1' ],
112 silly audit   'loose-envify': [ '1.4.0' ],
112 silly audit   'lru-cache': [ '10.4.3', '6.0.0' ],
112 silly audit   'lucide-react': [ '0.468.0' ],
112 silly audit   'math-intrinsics': [ '1.0.0' ],
112 silly audit   'memory-pager': [ '1.5.0' ],
112 silly audit   merge2: [ '1.4.1' ],
112 silly audit   micromatch: [ '4.0.8' ],
112 silly audit   'mime-db': [ '1.52.0' ],
112 silly audit   'mime-types': [ '2.1.35' ],
112 silly audit   minimist: [ '1.2.8' ],
112 silly audit   minipass: [ '7.1.2' ],
112 silly audit   mongodb: [ '6.12.0' ],
112 silly audit   'mongodb-connection-string-url': [ '3.0.1' ],
112 silly audit   mongoose: [ '8.9.2' ],
112 silly audit   mpath: [ '0.9.0' ],
112 silly audit   mquery: [ '5.0.0' ],
112 silly audit   ms: [ '2.1.3' ],
112 silly audit   multipasta: [ '0.2.5' ],
112 silly audit   mz: [ '2.7.0' ],
112 silly audit   nanoid: [ '3.3.8' ],
112 silly audit   'natural-compare': [ '1.4.0' ],
112 silly audit   next: [ '15.1.0' ],
112 silly audit   'next-auth': [ '4.24.11' ],
112 silly audit   'next-themes': [ '0.4.4' ],
112 silly audit   postcss: [ '8.4.31', '8.4.49' ],
112 silly audit   'normalize-path': [ '3.0.0' ],
112 silly audit   oauth: [ '0.9.15' ],
112 silly audit   'object-assign': [ '4.1.1' ],
112 silly audit   'object-hash': [ '3.0.0', '2.2.0' ],
112 silly audit   'object-inspect': [ '1.13.3' ],
112 silly audit   'object-keys': [ '1.1.1' ],
112 silly audit   'object.assign': [ '4.1.5' ],
112 silly audit   'object.entries': [ '1.1.8' ],
112 silly audit   'object.fromentries': [ '2.0.8' ],
112 silly audit   'object.groupby': [ '1.0.3' ],
112 silly audit   'object.values': [ '1.2.0' ],
112 silly audit   'oidc-token-hash': [ '5.0.3' ],
112 silly audit   'openid-client': [ '5.7.1' ],
112 silly audit   optionator: [ '0.9.4' ],
112 silly audit   'p-limit': [ '3.1.0' ],
112 silly audit   'p-locate': [ '5.0.0' ],
112 silly audit   'package-json-from-dist': [ '1.0.1' ],
112 silly audit   'parent-module': [ '1.0.1' ],
112 silly audit   'path-exists': [ '4.0.0' ],
112 silly audit   'path-key': [ '3.1.1' ],
112 silly audit   'path-parse': [ '1.0.7' ],
112 silly audit   'path-scurry': [ '1.11.1' ],
112 silly audit   picocolors: [ '1.1.1' ],
112 silly audit   picomatch: [ '2.3.1' ],
112 silly audit   pify: [ '2.3.0' ],
112 silly audit   pirates: [ '4.0.6' ],
112 silly audit   'possible-typed-array-names': [ '1.0.0' ],
112 silly audit   'postcss-import': [ '15.1.0' ],
112 silly audit   'postcss-js': [ '4.0.1' ],
112 silly audit   'postcss-load-config': [ '4.0.2' ],
112 silly audit   'postcss-nested': [ '6.2.0' ],
112 silly audit   'postcss-selector-parser': [ '6.1.2' ],
112 silly audit   'postcss-value-parser': [ '4.2.0' ],
112 silly audit   preact: [ '10.25.3' ],
112 silly audit   'preact-render-to-string': [ '5.2.6' ],
112 silly audit   'prelude-ls': [ '1.2.1' ],
112 silly audit   'pretty-format': [ '3.8.0' ],
112 silly audit   'prop-types': [ '15.8.1' ],
112 silly audit   'proxy-from-env': [ '1.1.0' ],
112 silly audit   punycode: [ '2.3.1' ],
112 silly audit   'pure-rand': [ '6.1.0' ],
112 silly audit   'queue-microtask': [ '1.2.3' ],
112 silly audit   react: [ '19.0.0' ],
112 silly audit   'react-dom': [ '19.0.0' ],
112 silly audit   'react-hook-form': [ '7.54.1' ],
112 silly audit   'react-icons': [ '5.4.0' ],
112 silly audit   'react-is': [ '16.13.1' ],
112 silly audit   'react-no-ssr': [ '1.1.0' ],
112 silly audit   'react-remove-scroll-bar': [ '2.3.8' ],
112 silly audit   'react-style-singleton': [ '2.2.3' ],
112 silly audit   'read-cache': [ '1.0.0' ],
112 silly audit   readdirp: [ '3.6.0' ],
112 silly audit   'reflect.getprototypeof': [ '1.0.8' ],
112 silly audit   'regexp.prototype.flags': [ '1.5.3' ],
112 silly audit   'resolve-from': [ '4.0.0' ],
112 silly audit   'resolve-pkg-maps': [ '1.0.0' ],
112 silly audit   reusify: [ '1.0.4' ],
112 silly audit   'run-parallel': [ '1.2.0' ],
112 silly audit   'safe-array-concat': [ '1.1.3' ],
112 silly audit   'safe-buffer': [ '5.2.1' ],
112 silly audit   'safe-regex-test': [ '1.0.3' ],
112 silly audit   scheduler: [ '0.25.0' ],
112 silly audit   'set-function-length': [ '1.2.2' ],
112 silly audit   'set-function-name': [ '2.0.2' ],
112 silly audit   sharp: [ '0.33.5' ],
112 silly audit   'shebang-command': [ '2.0.0' ],
112 silly audit   'shebang-regex': [ '3.0.0' ],
112 silly audit   'side-channel': [ '1.1.0' ],
112 silly audit   'side-channel-list': [ '1.0.0' ],
112 silly audit   'side-channel-map': [ '1.0.1' ],
112 silly audit   'side-channel-weakmap': [ '1.0.2' ],
112 silly audit   sift: [ '17.1.3' ],
112 silly audit   'signal-exit': [ '4.1.0' ],
112 silly audit   'simple-swizzle': [ '0.2.2' ],
112 silly audit   'socket.io-client': [ '4.8.1' ],
112 silly audit   'socket.io-parser': [ '4.2.4' ],
112 silly audit   'source-map-js': [ '1.2.1' ],
112 silly audit   'sparse-bitfield': [ '3.0.3' ],
112 silly audit   sqids: [ '0.3.0' ],
112 silly audit   'stable-hash': [ '0.0.4' ],
112 silly audit   streamsearch: [ '1.1.0' ],
112 silly audit   'string-width': [ '5.1.2', '4.2.3' ],
112 silly audit   'strip-ansi': [ '6.0.1', '7.1.0' ],
112 silly audit   'string.prototype.includes': [ '2.0.1' ],
112 silly audit   'string.prototype.matchall': [ '4.0.11' ],
112 silly audit   'string.prototype.repeat': [ '1.0.0' ],
112 silly audit   'string.prototype.trim': [ '1.2.10' ],
112 silly audit   'string.prototype.trimend': [ '1.0.9' ],
112 silly audit   'string.prototype.trimstart': [ '1.0.8' ],
112 silly audit   'strip-bom': [ '3.0.0' ],
112 silly audit   'strip-json-comments': [ '3.1.1' ],
112 silly audit   'styled-jsx': [ '5.1.6' ],
112 silly audit   sucrase: [ '3.35.0' ],
112 silly audit   'supports-color': [ '7.2.0' ],
112 silly audit   'supports-preserve-symlinks-flag': [ '1.0.0' ],
112 silly audit   'tailwind-merge': [ '2.5.5' ],
112 silly audit   tailwindcss: [ '3.4.16' ],
112 silly audit   'tailwindcss-animate': [ '1.0.7' ],
112 silly audit   tapable: [ '2.2.1' ],
112 silly audit   thenify: [ '3.3.1' ],
112 silly audit   'thenify-all': [ '1.6.0' ],
112 silly audit   'to-regex-range': [ '5.0.1' ],
112 silly audit   tr46: [ '4.1.1' ],
112 silly audit   'ts-api-utils': [ '1.4.3' ],
112 silly audit   'ts-interface-checker': [ '0.1.13' ],
112 silly audit   'tsconfig-paths': [ '3.15.0' ],
112 silly audit   tslib: [ '2.8.1' ],
112 silly audit   'type-check': [ '0.4.0' ],
112 silly audit   'typed-array-buffer': [ '1.0.2' ],
112 silly audit   'typed-array-byte-length': [ '1.0.1' ],
112 silly audit   'typed-array-byte-offset': [ '1.0.3' ],
112 silly audit   'typed-array-length': [ '1.0.7' ],
112 silly audit   typescript: [ '5.7.2' ],
112 silly audit   'unbox-primitive': [ '1.0.2' ],
112 silly audit   'undici-types': [ '6.19.8' ],
112 silly audit   uploadthing: [ '7.4.1' ],
112 silly audit   'uri-js': [ '4.4.1' ],
112 silly audit   'use-sidecar': [ '1.1.3' ],
112 silly audit   'use-sound': [ '4.0.3' ],
112 silly audit   'util-deprecate': [ '1.0.2' ],
112 silly audit   uuid: [ '8.3.2' ],
112 silly audit   'webidl-conversions': [ '7.0.0' ],
112 silly audit   'whatwg-url': [ '13.0.0' ],
112 silly audit   which: [ '2.0.2' ],
112 silly audit   'which-boxed-primitive': [ '1.1.0' ],
112 silly audit   'which-builtin-type': [ '1.2.0' ],
112 silly audit   'which-collection': [ '1.0.2' ],
112 silly audit   'which-typed-array': [ '1.1.16' ],
112 silly audit   'word-wrap': [ '1.2.5' ],
112 silly audit   'wrap-ansi': [ '8.1.0', '7.0.0' ],
112 silly audit   ws: [ '8.17.1' ],
112 silly audit   'xmlhttprequest-ssl': [ '2.1.2' ],
112 silly audit   yallist: [ '4.0.0' ],
112 silly audit   yaml: [ '2.6.1' ],
112 silly audit   'yocto-queue': [ '0.1.0' ],
112 silly audit   zod: [ '3.24.1' ],
112 silly audit   zustand: [ '5.0.2' ],
112 silly audit   '@radix-ui/react-context-menu': [ '2.2.4' ],
112 silly audit   '@radix-ui/react-menu': [ '2.1.4' ],
112 silly audit   '@radix-ui/react-roving-focus': [ '1.1.1' ]
112 silly audit }
113 verbose reify failed optional dependency /Users/mac/Desktop/Telegram clone/client/node_modules/@next/swc-win32-x64-msvc
114 silly reify mark deleted [
114 silly reify   '/Users/mac/Desktop/Telegram clone/client/node_modules/@next/swc-win32-x64-msvc'
114 silly reify ]
115 verbose reify failed optional dependency /Users/mac/Desktop/Telegram clone/client/node_modules/@next/swc-win32-arm64-msvc
116 silly reify mark deleted [
116 silly reify   '/Users/mac/Desktop/Telegram clone/client/node_modules/@next/swc-win32-arm64-msvc'
116 silly reify ]
117 verbose reify failed optional dependency /Users/mac/Desktop/Telegram clone/client/node_modules/@next/swc-linux-x64-musl
118 silly reify mark deleted [
118 silly reify   '/Users/mac/Desktop/Telegram clone/client/node_modules/@next/swc-linux-x64-musl'
118 silly reify ]
119 verbose reify failed optional dependency /Users/mac/Desktop/Telegram clone/client/node_modules/@next/swc-linux-x64-gnu
120 silly reify mark deleted [
120 silly reify   '/Users/mac/Desktop/Telegram clone/client/node_modules/@next/swc-linux-x64-gnu'
120 silly reify ]
121 verbose reify failed optional dependency /Users/mac/Desktop/Telegram clone/client/node_modules/@next/swc-linux-arm64-musl
122 silly reify mark deleted [
122 silly reify   '/Users/mac/Desktop/Telegram clone/client/node_modules/@next/swc-linux-arm64-musl'
122 silly reify ]
123 verbose reify failed optional dependency /Users/mac/Desktop/Telegram clone/client/node_modules/@next/swc-linux-arm64-gnu
124 silly reify mark deleted [
124 silly reify   '/Users/mac/Desktop/Telegram clone/client/node_modules/@next/swc-linux-arm64-gnu'
124 silly reify ]
125 verbose reify failed optional dependency /Users/mac/Desktop/Telegram clone/client/node_modules/@next/swc-darwin-arm64
126 silly reify mark deleted [
126 silly reify   '/Users/mac/Desktop/Telegram clone/client/node_modules/@next/swc-darwin-arm64'
126 silly reify ]
127 verbose reify failed optional dependency /Users/mac/Desktop/Telegram clone/client/node_modules/@img/sharp-win32-x64
128 silly reify mark deleted [
128 silly reify   '/Users/mac/Desktop/Telegram clone/client/node_modules/@img/sharp-win32-x64'
128 silly reify ]
129 verbose reify failed optional dependency /Users/mac/Desktop/Telegram clone/client/node_modules/@img/sharp-win32-ia32
130 silly reify mark deleted [
130 silly reify   '/Users/mac/Desktop/Telegram clone/client/node_modules/@img/sharp-win32-ia32'
130 silly reify ]
131 verbose reify failed optional dependency /Users/mac/Desktop/Telegram clone/client/node_modules/@img/sharp-wasm32
132 silly reify mark deleted [
132 silly reify   '/Users/mac/Desktop/Telegram clone/client/node_modules/@img/sharp-wasm32'
132 silly reify ]
133 verbose reify failed optional dependency /Users/mac/Desktop/Telegram clone/client/node_modules/@emnapi/runtime
134 silly reify mark deleted [
134 silly reify   '/Users/mac/Desktop/Telegram clone/client/node_modules/@emnapi/runtime'
134 silly reify ]
135 verbose reify failed optional dependency /Users/mac/Desktop/Telegram clone/client/node_modules/@img/sharp-linuxmusl-x64
136 silly reify mark deleted [
136 silly reify   '/Users/mac/Desktop/Telegram clone/client/node_modules/@img/sharp-linuxmusl-x64'
136 silly reify ]
137 verbose reify failed optional dependency /Users/mac/Desktop/Telegram clone/client/node_modules/@img/sharp-linuxmusl-arm64
138 silly reify mark deleted [
138 silly reify   '/Users/mac/Desktop/Telegram clone/client/node_modules/@img/sharp-linuxmusl-arm64'
138 silly reify ]
139 verbose reify failed optional dependency /Users/mac/Desktop/Telegram clone/client/node_modules/@img/sharp-linux-x64
140 silly reify mark deleted [
140 silly reify   '/Users/mac/Desktop/Telegram clone/client/node_modules/@img/sharp-linux-x64'
140 silly reify ]
141 verbose reify failed optional dependency /Users/mac/Desktop/Telegram clone/client/node_modules/@img/sharp-linux-s390x
142 silly reify mark deleted [
142 silly reify   '/Users/mac/Desktop/Telegram clone/client/node_modules/@img/sharp-linux-s390x'
142 silly reify ]
143 verbose reify failed optional dependency /Users/mac/Desktop/Telegram clone/client/node_modules/@img/sharp-linux-arm64
144 silly reify mark deleted [
144 silly reify   '/Users/mac/Desktop/Telegram clone/client/node_modules/@img/sharp-linux-arm64'
144 silly reify ]
145 verbose reify failed optional dependency /Users/mac/Desktop/Telegram clone/client/node_modules/@img/sharp-linux-arm
146 silly reify mark deleted [
146 silly reify   '/Users/mac/Desktop/Telegram clone/client/node_modules/@img/sharp-linux-arm'
146 silly reify ]
147 verbose reify failed optional dependency /Users/mac/Desktop/Telegram clone/client/node_modules/@img/sharp-libvips-linuxmusl-x64
148 silly reify mark deleted [
148 silly reify   '/Users/mac/Desktop/Telegram clone/client/node_modules/@img/sharp-libvips-linuxmusl-x64'
148 silly reify ]
149 verbose reify failed optional dependency /Users/mac/Desktop/Telegram clone/client/node_modules/@img/sharp-libvips-linuxmusl-arm64
150 silly reify mark deleted [
150 silly reify   '/Users/mac/Desktop/Telegram clone/client/node_modules/@img/sharp-libvips-linuxmusl-arm64'
150 silly reify ]
151 verbose reify failed optional dependency /Users/mac/Desktop/Telegram clone/client/node_modules/@img/sharp-libvips-linux-x64
152 silly reify mark deleted [
152 silly reify   '/Users/mac/Desktop/Telegram clone/client/node_modules/@img/sharp-libvips-linux-x64'
152 silly reify ]
153 verbose reify failed optional dependency /Users/mac/Desktop/Telegram clone/client/node_modules/@img/sharp-libvips-linux-s390x
154 silly reify mark deleted [
154 silly reify   '/Users/mac/Desktop/Telegram clone/client/node_modules/@img/sharp-libvips-linux-s390x'
154 silly reify ]
155 verbose reify failed optional dependency /Users/mac/Desktop/Telegram clone/client/node_modules/@img/sharp-libvips-linux-arm64
156 silly reify mark deleted [
156 silly reify   '/Users/mac/Desktop/Telegram clone/client/node_modules/@img/sharp-libvips-linux-arm64'
156 silly reify ]
157 verbose reify failed optional dependency /Users/mac/Desktop/Telegram clone/client/node_modules/@img/sharp-libvips-linux-arm
158 silly reify mark deleted [
158 silly reify   '/Users/mac/Desktop/Telegram clone/client/node_modules/@img/sharp-libvips-linux-arm'
158 silly reify ]
159 verbose reify failed optional dependency /Users/mac/Desktop/Telegram clone/client/node_modules/@img/sharp-libvips-darwin-arm64
160 silly reify mark deleted [
160 silly reify   '/Users/mac/Desktop/Telegram clone/client/node_modules/@img/sharp-libvips-darwin-arm64'
160 silly reify ]
161 verbose reify failed optional dependency /Users/mac/Desktop/Telegram clone/client/node_modules/@img/sharp-darwin-arm64
162 silly reify mark deleted [
162 silly reify   '/Users/mac/Desktop/Telegram clone/client/node_modules/@img/sharp-darwin-arm64'
162 silly reify ]
163 silly tarball no local data for use-callback-ref@https://registry.npmjs.org/use-callback-ref/-/use-callback-ref-1.3.3.tgz. Extracting by manifest.
164 silly tarball no local data for react-remove-scroll@https://registry.npmjs.org/react-remove-scroll/-/react-remove-scroll-2.6.2.tgz. Extracting by manifest.
165 silly tarball no local data for @radix-ui/react-roving-focus@https://registry.npmjs.org/@radix-ui/react-roving-focus/-/react-roving-focus-1.1.1.tgz. Extracting by manifest.
166 silly tarball no local data for @radix-ui/react-context-menu@https://registry.npmjs.org/@radix-ui/react-context-menu/-/react-context-menu-2.2.4.tgz. Extracting by manifest.
167 silly tarball no local data for @radix-ui/react-menu@https://registry.npmjs.org/@radix-ui/react-menu/-/react-menu-2.1.4.tgz. Extracting by manifest.
168 http fetch GET 200 https://registry.npmjs.org/react-remove-scroll/-/react-remove-scroll-2.6.2.tgz 299ms (cache miss)
169 http fetch GET 200 https://registry.npmjs.org/use-callback-ref/-/use-callback-ref-1.3.3.tgz 356ms (cache miss)
170 http fetch POST 200 https://registry.npmjs.org/-/npm/v1/security/advisories/bulk 547ms
171 silly audit report {}
172 http fetch GET 200 https://registry.npmjs.org/@radix-ui/react-menu/-/react-menu-2.1.4.tgz 5967ms (cache miss)
173 http fetch GET 200 https://registry.npmjs.org/@radix-ui/react-roving-focus/-/react-roving-focus-1.1.1.tgz 7140ms (cache miss)
174 http fetch GET 200 https://registry.npmjs.org/@radix-ui/react-context-menu/-/react-context-menu-2.2.4.tgz 7165ms (cache miss)
175 silly ADD node_modules/use-callback-ref
176 silly ADD node_modules/react-remove-scroll
177 silly ADD node_modules/@radix-ui/react-roving-focus
178 silly ADD node_modules/@radix-ui/react-menu
179 silly ADD node_modules/@radix-ui/react-menu/node_modules/@radix-ui/react-dismissable-layer
180 silly ADD node_modules/@radix-ui/react-context-menu
181 silly ADD
182 silly ADD
183 silly ADD
184 silly ADD
185 silly ADD
186 silly ADD
187 silly ADD
188 silly ADD
189 silly ADD
190 silly ADD
191 silly ADD
192 silly ADD
193 silly ADD
194 silly ADD
195 silly ADD
196 silly ADD
197 silly ADD
198 silly ADD
199 silly ADD
200 silly ADD
201 silly ADD
202 silly ADD
203 silly ADD
204 silly ADD
205 silly ADD
206 silly REMOVE node_modules/@radix-ui/react-popover/node_modules/react-remove-scroll/node_modules/use-callback-ref
207 silly REMOVE node_modules/@radix-ui/react-dialog/node_modules/react-remove-scroll/node_modules/use-callback-ref
208 verbose cwd /Users/mac/Desktop/Telegram clone/client
209 verbose os Darwin 22.6.0
210 verbose node v22.12.0
211 verbose npm  v10.9.0
212 verbose exit 0
213 info ok
