0 verbose cli /usr/local/bin/node /usr/local/lib/node_modules/npm/bin/npm-cli.js
1 info using npm@10.9.0
2 info using node@v22.12.0
3 silly config load:file:/usr/local/lib/node_modules/npm/npmrc
4 silly config load:file:/Users/mac/Desktop/Telegram clone/client/.npmrc
5 silly config load:file:/Users/mac/.npmrc
6 silly config load:file:/usr/local/etc/npmrc
7 verbose title npm exec shadcn@latest add dialog
8 verbose argv "exec" "--" "shadcn@latest" "add" "dialog"
9 verbose logfile logs-max:10 dir:/Users/mac/.npm/_logs/2024-12-22T10_43_23_274Z-
10 verbose logfile /Users/mac/.npm/_logs/2024-12-22T10_43_23_274Z-debug-0.log
11 silly logfile start cleaning logs, removing 1 files
12 silly logfile done cleaning log files
13 silly packumentCache heap:2197815296 maxSize:549453824 maxEntrySize:274726912
14 http fetch GET 200 https://registry.npmjs.org/shadcn 8642ms (cache updated)
15 silly packumentCache heap:2197815296 maxSize:549453824 maxEntrySize:274726912
16 silly packumentCache heap:2197815296 maxSize:549453824 maxEntrySize:274726912
17 verbose cwd /Users/mac/Desktop/Telegram clone/client
18 verbose os Darwin 22.6.0
19 verbose node v22.12.0
20 verbose npm  v10.9.0
21 verbose exit 0
22 info ok
