0 verbose cli /usr/local/bin/node /usr/local/bin/npm
1 info using npm@10.9.0
2 info using node@v22.12.0
3 silly config load:file:/usr/local/lib/node_modules/npm/npmrc
4 silly config load:file:/Users/mac/Desktop/Telegram clone/client/.npmrc
5 silly config load:file:/Users/mac/.npmrc
6 silly config load:file:/usr/local/etc/npmrc
7 verbose title npm install @radix-ui/react-dialog
8 verbose argv "install" "--force" "@radix-ui/react-dialog"
9 verbose logfile logs-max:10 dir:/Users/mac/.npm/_logs/2024-12-22T10_43_39_851Z-
10 verbose logfile /Users/mac/.npm/_logs/2024-12-22T10_43_39_851Z-debug-0.log
11 warn using --force Recommended protections disabled.
12 silly logfile start cleaning logs, removing 1 files
13 silly packumentCache heap:2197815296 maxSize:549453824 maxEntrySize:274726912
14 silly logfile done cleaning log files
15 silly idealTree buildDeps
16 silly fetch manifest @radix-ui/react-dialog@^1.1.3
17 silly packumentCache full:https://registry.npmjs.org/@radix-ui%2freact-dialog cache-miss
18 http fetch GET 200 https://registry.npmjs.org/@radix-ui%2freact-dialog 8377ms (cache updated)
19 silly packumentCache full:https://registry.npmjs.org/@radix-ui%2freact-dialog set size:undefined disposed:false
20 silly fetch manifest @types/react@^19
21 silly packumentCache full:https://registry.npmjs.org/@types%2freact cache-miss
22 http fetch GET 200 https://registry.npmjs.org/@types%2freact 1098ms (cache updated)
23 silly packumentCache full:https://registry.npmjs.org/@types%2freact set size:undefined disposed:false
24 silly fetch manifest @types/react-dom@^19
25 silly packumentCache full:https://registry.npmjs.org/@types%2freact-dom cache-miss
26 http fetch GET 200 https://registry.npmjs.org/@types%2freact-dom 465ms (cache updated)
27 silly packumentCache full:https://registry.npmjs.org/@types%2freact-dom set size:undefined disposed:false
28 silly fetch manifest react@^19.0.0
29 silly packumentCache full:https://registry.npmjs.org/react cache-miss
30 http fetch GET 200 https://registry.npmjs.org/react 1475ms (cache updated)
31 silly packumentCache full:https://registry.npmjs.org/react set size:undefined disposed:false
32 silly fetch manifest react-dom@^19.0.0
33 silly packumentCache full:https://registry.npmjs.org/react-dom cache-miss
34 http fetch GET 200 https://registry.npmjs.org/react-dom 913ms (cache updated)
35 silly packumentCache full:https://registry.npmjs.org/react-dom set size:undefined disposed:false
36 silly placeDep ROOT @radix-ui/react-dialog@1.1.4 REPLACE for: client@0.1.0 want: ^1.1.3
37 silly fetch manifest @radix-ui/react-dismissable-layer@1.1.3
38 silly packumentCache full:https://registry.npmjs.org/@radix-ui%2freact-dismissable-layer cache-miss
39 http fetch GET 200 https://registry.npmjs.org/@radix-ui%2freact-dismissable-layer 1710ms (cache updated)
40 silly packumentCache full:https://registry.npmjs.org/@radix-ui%2freact-dismissable-layer set size:undefined disposed:false
41 silly fetch manifest react@^16.8 || ^17 || ^18
42 silly packumentCache full:https://registry.npmjs.org/react cache-miss
43 http fetch GET 200 https://registry.npmjs.org/react 21ms (cache hit)
44 silly packumentCache full:https://registry.npmjs.org/react set size:5279895 disposed:false
45 warn ERESOLVE overriding peer dependency {
45 warn ERESOLVE   code: 'ERESOLVE',
45 warn ERESOLVE   edge: {
45 warn ERESOLVE     type: 'peer',
45 warn ERESOLVE     name: 'react',
45 warn ERESOLVE     spec: '^16.8 || ^17 || ^18',
45 warn ERESOLVE     error: 'INVALID',
45 warn ERESOLVE     from: {
45 warn ERESOLVE       name: '@emoji-mart/react',
45 warn ERESOLVE       version: '1.1.1',
45 warn ERESOLVE       location: 'node_modules/@emoji-mart/react',
45 warn ERESOLVE       isWorkspace: false,
45 warn ERESOLVE       dependents: [Array]
45 warn ERESOLVE     }
45 warn ERESOLVE   },
45 warn ERESOLVE   dep: {
45 warn ERESOLVE     name: 'react',
45 warn ERESOLVE     version: '18.3.1',
45 warn ERESOLVE     whileInstalling: {
45 warn ERESOLVE       name: '@emoji-mart/react',
45 warn ERESOLVE       version: '1.1.1',
45 warn ERESOLVE       path: '/Users/mac/Desktop/Telegram clone/client/node_modules/@emoji-mart/react'
45 warn ERESOLVE     },
45 warn ERESOLVE     location: 'node_modules/react',
45 warn ERESOLVE     isWorkspace: false,
45 warn ERESOLVE     dependents: [ [Object] ]
45 warn ERESOLVE   },
45 warn ERESOLVE   force: true,
45 warn ERESOLVE   isMine: true,
45 warn ERESOLVE   strictPeerDeps: false,
45 warn ERESOLVE   current: {
45 warn ERESOLVE     name: 'react',
45 warn ERESOLVE     version: '19.0.0',
45 warn ERESOLVE     location: 'node_modules/react',
45 warn ERESOLVE     isWorkspace: false,
45 warn ERESOLVE     dependents: [
45 warn ERESOLVE       [Object], [Object], [Object], [Object],
45 warn ERESOLVE       [Object], [Object], [Object], [Object],
45 warn ERESOLVE       [Object], [Object], [Object], [Object],
45 warn ERESOLVE       [Object], [Object], [Object], [Object],
45 warn ERESOLVE       [Object], [Object], [Object], [Object],
45 warn ERESOLVE       [Object], [Object], [Object], [Object],
45 warn ERESOLVE       [Object], [Object], [Object], [Object],
45 warn ERESOLVE       [Object], [Object], [Object], [Object],
45 warn ERESOLVE       [Object], [Object], [Object], [Object],
45 warn ERESOLVE       [Object], [Object], [Object], [Object],
45 warn ERESOLVE       [Object], [Object], [Object], [Object],
45 warn ERESOLVE       [Object], [Object], [Object], [Object],
45 warn ERESOLVE       [Object], [Object], [Object], [Object],
45 warn ERESOLVE       [Object], [Object], [Object]
45 warn ERESOLVE     ]
45 warn ERESOLVE   },
45 warn ERESOLVE   peerConflict: {
45 warn ERESOLVE     current: {
45 warn ERESOLVE       name: 'react',
45 warn ERESOLVE       version: '19.0.0',
45 warn ERESOLVE       location: 'node_modules/react',
45 warn ERESOLVE       isWorkspace: false,
45 warn ERESOLVE       dependents: [Array]
45 warn ERESOLVE     },
45 warn ERESOLVE     peer: {
45 warn ERESOLVE       name: 'react',
45 warn ERESOLVE       version: '18.3.1',
45 warn ERESOLVE       whileInstalling: [Object],
45 warn ERESOLVE       location: 'node_modules/react',
45 warn ERESOLVE       isWorkspace: false,
45 warn ERESOLVE       dependents: [Array]
45 warn ERESOLVE     }
45 warn ERESOLVE   }
45 warn ERESOLVE }
46 silly fetch manifest @types/react@*
47 silly packumentCache full:https://registry.npmjs.org/@types%2freact cache-miss
48 http fetch GET 200 https://registry.npmjs.org/@types%2freact 25ms (cache hit)
49 silly packumentCache full:https://registry.npmjs.org/@types%2freact set size:2264247 disposed:false
50 silly fetch manifest @types/react-dom@*
51 silly packumentCache full:https://registry.npmjs.org/@types%2freact-dom cache-miss
52 http fetch GET 200 https://registry.npmjs.org/@types%2freact-dom 6ms (cache hit)
53 silly packumentCache full:https://registry.npmjs.org/@types%2freact-dom set size:372302 disposed:false
54 silly fetch manifest react@^16.8 || ^17.0 || ^18.0 || ^19.0 || ^19.0.0-rc
55 silly packumentCache full:https://registry.npmjs.org/react cache-miss
56 http fetch GET 200 https://registry.npmjs.org/react 12ms (cache hit)
57 silly packumentCache full:https://registry.npmjs.org/react set size:5279895 disposed:false
58 silly fetch manifest react-dom@^16.8 || ^17.0 || ^18.0 || ^19.0 || ^19.0.0-rc
59 silly packumentCache full:https://registry.npmjs.org/react-dom cache-miss
60 http fetch GET 200 https://registry.npmjs.org/react-dom 37ms (cache hit)
61 silly packumentCache full:https://registry.npmjs.org/react-dom set size:6524352 disposed:false
62 silly placeDep node_modules/@radix-ui/react-dialog @radix-ui/react-dismissable-layer@1.1.3 OK for: @radix-ui/react-dialog@1.1.4 want: 1.1.3
63 silly fetch manifest react@^17.0.2 || ^18.0.0
64 silly packumentCache full:https://registry.npmjs.org/react cache-miss
65 http fetch GET 200 https://registry.npmjs.org/react 14ms (cache hit)
66 silly packumentCache full:https://registry.npmjs.org/react set size:5279895 disposed:false
67 warn ERESOLVE overriding peer dependency {
67 warn ERESOLVE   code: 'ERESOLVE',
67 warn ERESOLVE   edge: {
67 warn ERESOLVE     type: 'peer',
67 warn ERESOLVE     name: 'react',
67 warn ERESOLVE     spec: '^17.0.2 || ^18.0.0',
67 warn ERESOLVE     error: 'INVALID',
67 warn ERESOLVE     from: {
67 warn ERESOLVE       name: '@uploadthing/react',
67 warn ERESOLVE       version: '7.1.3',
67 warn ERESOLVE       location: 'node_modules/@uploadthing/react',
67 warn ERESOLVE       isWorkspace: false,
67 warn ERESOLVE       dependents: [Array]
67 warn ERESOLVE     }
67 warn ERESOLVE   },
67 warn ERESOLVE   dep: {
67 warn ERESOLVE     name: 'react',
67 warn ERESOLVE     version: '18.3.1',
67 warn ERESOLVE     whileInstalling: {
67 warn ERESOLVE       name: '@uploadthing/react',
67 warn ERESOLVE       version: '7.1.3',
67 warn ERESOLVE       path: '/Users/mac/Desktop/Telegram clone/client/node_modules/@uploadthing/react'
67 warn ERESOLVE     },
67 warn ERESOLVE     location: 'node_modules/react',
67 warn ERESOLVE     isWorkspace: false,
67 warn ERESOLVE     dependents: [ [Object] ]
67 warn ERESOLVE   },
67 warn ERESOLVE   force: true,
67 warn ERESOLVE   isMine: true,
67 warn ERESOLVE   strictPeerDeps: false,
67 warn ERESOLVE   current: {
67 warn ERESOLVE     name: 'react',
67 warn ERESOLVE     version: '19.0.0',
67 warn ERESOLVE     location: 'node_modules/react',
67 warn ERESOLVE     isWorkspace: false,
67 warn ERESOLVE     dependents: [
67 warn ERESOLVE       [Object], [Object], [Object], [Object],
67 warn ERESOLVE       [Object], [Object], [Object], [Object],
67 warn ERESOLVE       [Object], [Object], [Object], [Object],
67 warn ERESOLVE       [Object], [Object], [Object], [Object],
67 warn ERESOLVE       [Object], [Object], [Object], [Object],
67 warn ERESOLVE       [Object], [Object], [Object], [Object],
67 warn ERESOLVE       [Object], [Object], [Object], [Object],
67 warn ERESOLVE       [Object], [Object], [Object], [Object],
67 warn ERESOLVE       [Object], [Object], [Object], [Object],
67 warn ERESOLVE       [Object], [Object], [Object], [Object],
67 warn ERESOLVE       [Object], [Object], [Object], [Object],
67 warn ERESOLVE       [Object], [Object], [Object], [Object],
67 warn ERESOLVE       [Object], [Object], [Object], [Object],
67 warn ERESOLVE       [Object], [Object], [Object]
67 warn ERESOLVE     ]
67 warn ERESOLVE   },
67 warn ERESOLVE   peerConflict: {
67 warn ERESOLVE     current: {
67 warn ERESOLVE       name: 'react',
67 warn ERESOLVE       version: '19.0.0',
67 warn ERESOLVE       location: 'node_modules/react',
67 warn ERESOLVE       isWorkspace: false,
67 warn ERESOLVE       dependents: [Array]
67 warn ERESOLVE     },
67 warn ERESOLVE     peer: {
67 warn ERESOLVE       name: 'react',
67 warn ERESOLVE       version: '18.3.1',
67 warn ERESOLVE       whileInstalling: [Object],
67 warn ERESOLVE       location: 'node_modules/react',
67 warn ERESOLVE       isWorkspace: false,
67 warn ERESOLVE       dependents: [Array]
67 warn ERESOLVE     }
67 warn ERESOLVE   }
67 warn ERESOLVE }
68 silly fetch manifest react@^0.14.0 || ^15.0.0
69 silly packumentCache full:https://registry.npmjs.org/react cache-miss
70 http fetch GET 200 https://registry.npmjs.org/react 13ms (cache hit)
71 silly packumentCache full:https://registry.npmjs.org/react set size:5279895 disposed:false
72 warn ERESOLVE overriding peer dependency {
72 warn ERESOLVE   code: 'ERESOLVE',
72 warn ERESOLVE   edge: {
72 warn ERESOLVE     type: 'peer',
72 warn ERESOLVE     name: 'react',
72 warn ERESOLVE     spec: '^0.14.0 || ^15.0.0',
72 warn ERESOLVE     error: 'INVALID',
72 warn ERESOLVE     from: {
72 warn ERESOLVE       name: 'react-no-ssr',
72 warn ERESOLVE       version: '1.1.0',
72 warn ERESOLVE       location: 'node_modules/react-no-ssr',
72 warn ERESOLVE       isWorkspace: false,
72 warn ERESOLVE       dependents: [Array]
72 warn ERESOLVE     }
72 warn ERESOLVE   },
72 warn ERESOLVE   dep: {
72 warn ERESOLVE     name: 'react',
72 warn ERESOLVE     version: '15.7.0',
72 warn ERESOLVE     whileInstalling: {
72 warn ERESOLVE       name: 'react-no-ssr',
72 warn ERESOLVE       version: '1.1.0',
72 warn ERESOLVE       path: '/Users/mac/Desktop/Telegram clone/client/node_modules/react-no-ssr'
72 warn ERESOLVE     },
72 warn ERESOLVE     location: 'node_modules/react',
72 warn ERESOLVE     isWorkspace: false,
72 warn ERESOLVE     dependents: [ [Object] ]
72 warn ERESOLVE   },
72 warn ERESOLVE   force: true,
72 warn ERESOLVE   isMine: true,
72 warn ERESOLVE   strictPeerDeps: false,
72 warn ERESOLVE   current: {
72 warn ERESOLVE     name: 'react',
72 warn ERESOLVE     version: '19.0.0',
72 warn ERESOLVE     location: 'node_modules/react',
72 warn ERESOLVE     isWorkspace: false,
72 warn ERESOLVE     dependents: [
72 warn ERESOLVE       [Object], [Object], [Object], [Object],
72 warn ERESOLVE       [Object], [Object], [Object], [Object],
72 warn ERESOLVE       [Object], [Object], [Object], [Object],
72 warn ERESOLVE       [Object], [Object], [Object], [Object],
72 warn ERESOLVE       [Object], [Object], [Object], [Object],
72 warn ERESOLVE       [Object], [Object], [Object], [Object],
72 warn ERESOLVE       [Object], [Object], [Object], [Object],
72 warn ERESOLVE       [Object], [Object], [Object], [Object],
72 warn ERESOLVE       [Object], [Object], [Object], [Object],
72 warn ERESOLVE       [Object], [Object], [Object], [Object],
72 warn ERESOLVE       [Object], [Object], [Object], [Object],
72 warn ERESOLVE       [Object], [Object], [Object], [Object],
72 warn ERESOLVE       [Object], [Object], [Object], [Object],
72 warn ERESOLVE       [Object], [Object], [Object]
72 warn ERESOLVE     ]
72 warn ERESOLVE   },
72 warn ERESOLVE   peerConflict: {
72 warn ERESOLVE     current: {
72 warn ERESOLVE       name: 'react',
72 warn ERESOLVE       version: '19.0.0',
72 warn ERESOLVE       location: 'node_modules/react',
72 warn ERESOLVE       isWorkspace: false,
72 warn ERESOLVE       dependents: [Array]
72 warn ERESOLVE     },
72 warn ERESOLVE     peer: {
72 warn ERESOLVE       name: 'react',
72 warn ERESOLVE       version: '15.7.0',
72 warn ERESOLVE       whileInstalling: [Object],
72 warn ERESOLVE       location: 'node_modules/react',
72 warn ERESOLVE       isWorkspace: false,
72 warn ERESOLVE       dependents: [Array]
72 warn ERESOLVE     }
72 warn ERESOLVE   }
72 warn ERESOLVE }
73 silly fetch manifest react@^16.8.0 || ^17.0.0 || ^18.0.0
74 silly packumentCache full:https://registry.npmjs.org/react cache-miss
75 http fetch GET 200 https://registry.npmjs.org/react 34ms (cache hit)
76 silly packumentCache full:https://registry.npmjs.org/react set size:5279895 disposed:false
77 silly fetch manifest @types/react@^16.8.0 || ^17.0.0 || ^18.0.0
78 silly packumentCache full:https://registry.npmjs.org/@types%2freact cache-miss
79 http fetch GET 200 https://registry.npmjs.org/@types%2freact 11ms (cache hit)
80 silly packumentCache full:https://registry.npmjs.org/@types%2freact set size:2264247 disposed:false
81 warn ERESOLVE overriding peer dependency {
81 warn ERESOLVE   code: 'ERESOLVE',
81 warn ERESOLVE   edge: {
81 warn ERESOLVE     type: 'peerOptional',
81 warn ERESOLVE     name: '@types/react',
81 warn ERESOLVE     spec: '^16.8.0 || ^17.0.0 || ^18.0.0',
81 warn ERESOLVE     error: 'INVALID',
81 warn ERESOLVE     from: {
81 warn ERESOLVE       name: 'react-remove-scroll',
81 warn ERESOLVE       version: '2.6.0',
81 warn ERESOLVE       location: 'node_modules/@radix-ui/react-popover/node_modules/react-remove-scroll',
81 warn ERESOLVE       isWorkspace: false,
81 warn ERESOLVE       dependents: [Array]
81 warn ERESOLVE     }
81 warn ERESOLVE   },
81 warn ERESOLVE   dep: {
81 warn ERESOLVE     name: '@types/react',
81 warn ERESOLVE     version: '18.3.18',
81 warn ERESOLVE     whileInstalling: {
81 warn ERESOLVE       name: 'react-remove-scroll',
81 warn ERESOLVE       version: '2.6.0',
81 warn ERESOLVE       path: '/Users/mac/Desktop/Telegram clone/client/node_modules/@radix-ui/react-popover/node_modules/react-remove-scroll'
81 warn ERESOLVE     },
81 warn ERESOLVE     location: 'node_modules/@types/react',
81 warn ERESOLVE     isWorkspace: false,
81 warn ERESOLVE     dependents: [ [Object] ]
81 warn ERESOLVE   },
81 warn ERESOLVE   force: true,
81 warn ERESOLVE   isMine: false,
81 warn ERESOLVE   strictPeerDeps: false,
81 warn ERESOLVE   current: {
81 warn ERESOLVE     name: '@types/react',
81 warn ERESOLVE     version: '19.0.1',
81 warn ERESOLVE     location: 'node_modules/@types/react',
81 warn ERESOLVE     isWorkspace: false,
81 warn ERESOLVE     dependents: [
81 warn ERESOLVE       [Object], [Object], [Object], [Object],
81 warn ERESOLVE       [Object], [Object], [Object], [Object],
81 warn ERESOLVE       [Object], [Object], [Object], [Object],
81 warn ERESOLVE       [Object], [Object], [Object], [Object],
81 warn ERESOLVE       [Object], [Object], [Object], [Object],
81 warn ERESOLVE       [Object], [Object], [Object], [Object],
81 warn ERESOLVE       [Object], [Object], [Object], [Object],
81 warn ERESOLVE       [Object], [Object], [Object], [Object],
81 warn ERESOLVE       [Object], [Object], [Object], [Object],
81 warn ERESOLVE       [Object], [Object], [Object], [Object],
81 warn ERESOLVE       [Object], [Object], [Object], [Object],
81 warn ERESOLVE       [Object], [Object]
81 warn ERESOLVE     ]
81 warn ERESOLVE   },
81 warn ERESOLVE   peerConflict: {
81 warn ERESOLVE     current: {
81 warn ERESOLVE       name: '@types/react',
81 warn ERESOLVE       version: '19.0.1',
81 warn ERESOLVE       location: 'node_modules/@types/react',
81 warn ERESOLVE       isWorkspace: false,
81 warn ERESOLVE       dependents: [Array]
81 warn ERESOLVE     },
81 warn ERESOLVE     peer: {
81 warn ERESOLVE       name: '@types/react',
81 warn ERESOLVE       version: '18.3.18',
81 warn ERESOLVE       whileInstalling: [Object],
81 warn ERESOLVE       location: 'node_modules/@types/react',
81 warn ERESOLVE       isWorkspace: false,
81 warn ERESOLVE       dependents: [Array]
81 warn ERESOLVE     }
81 warn ERESOLVE   }
81 warn ERESOLVE }
82 warn ERESOLVE overriding peer dependency {
82 warn ERESOLVE   code: 'ERESOLVE',
82 warn ERESOLVE   edge: {
82 warn ERESOLVE     type: 'peer',
82 warn ERESOLVE     name: 'react',
82 warn ERESOLVE     spec: '^16.8.0 || ^17.0.0 || ^18.0.0',
82 warn ERESOLVE     error: 'INVALID',
82 warn ERESOLVE     from: {
82 warn ERESOLVE       name: 'react-remove-scroll',
82 warn ERESOLVE       version: '2.6.0',
82 warn ERESOLVE       location: 'node_modules/@radix-ui/react-popover/node_modules/react-remove-scroll',
82 warn ERESOLVE       isWorkspace: false,
82 warn ERESOLVE       dependents: [Array]
82 warn ERESOLVE     }
82 warn ERESOLVE   },
82 warn ERESOLVE   dep: {
82 warn ERESOLVE     name: 'react',
82 warn ERESOLVE     version: '18.3.1',
82 warn ERESOLVE     whileInstalling: {
82 warn ERESOLVE       name: 'react-remove-scroll',
82 warn ERESOLVE       version: '2.6.0',
82 warn ERESOLVE       path: '/Users/mac/Desktop/Telegram clone/client/node_modules/@radix-ui/react-popover/node_modules/react-remove-scroll'
82 warn ERESOLVE     },
82 warn ERESOLVE     location: 'node_modules/react',
82 warn ERESOLVE     isWorkspace: false,
82 warn ERESOLVE     dependents: [ [Object] ]
82 warn ERESOLVE   },
82 warn ERESOLVE   force: true,
82 warn ERESOLVE   isMine: false,
82 warn ERESOLVE   strictPeerDeps: false,
82 warn ERESOLVE   current: {
82 warn ERESOLVE     name: 'react',
82 warn ERESOLVE     version: '19.0.0',
82 warn ERESOLVE     location: 'node_modules/react',
82 warn ERESOLVE     isWorkspace: false,
82 warn ERESOLVE     dependents: [
82 warn ERESOLVE       [Object], [Object], [Object], [Object],
82 warn ERESOLVE       [Object], [Object], [Object], [Object],
82 warn ERESOLVE       [Object], [Object], [Object], [Object],
82 warn ERESOLVE       [Object], [Object], [Object], [Object],
82 warn ERESOLVE       [Object], [Object], [Object], [Object],
82 warn ERESOLVE       [Object], [Object], [Object], [Object],
82 warn ERESOLVE       [Object], [Object], [Object], [Object],
82 warn ERESOLVE       [Object], [Object], [Object], [Object],
82 warn ERESOLVE       [Object], [Object], [Object], [Object],
82 warn ERESOLVE       [Object], [Object], [Object], [Object],
82 warn ERESOLVE       [Object], [Object], [Object], [Object],
82 warn ERESOLVE       [Object], [Object], [Object], [Object],
82 warn ERESOLVE       [Object], [Object], [Object], [Object],
82 warn ERESOLVE       [Object], [Object], [Object]
82 warn ERESOLVE     ]
82 warn ERESOLVE   },
82 warn ERESOLVE   peerConflict: {
82 warn ERESOLVE     current: {
82 warn ERESOLVE       name: 'react',
82 warn ERESOLVE       version: '19.0.0',
82 warn ERESOLVE       location: 'node_modules/react',
82 warn ERESOLVE       isWorkspace: false,
82 warn ERESOLVE       dependents: [Array]
82 warn ERESOLVE     },
82 warn ERESOLVE     peer: {
82 warn ERESOLVE       name: 'react',
82 warn ERESOLVE       version: '18.3.1',
82 warn ERESOLVE       whileInstalling: [Object],
82 warn ERESOLVE       location: 'node_modules/react',
82 warn ERESOLVE       isWorkspace: false,
82 warn ERESOLVE       dependents: [Array]
82 warn ERESOLVE     }
82 warn ERESOLVE   }
82 warn ERESOLVE }
83 silly reify mark retired [
83 silly reify   '/Users/mac/Desktop/Telegram clone/client/node_modules/@radix-ui/react-dialog'
83 silly reify ]
84 silly reify moves {
84 silly reify   '/Users/mac/Desktop/Telegram clone/client/node_modules/@radix-ui/react-dialog': '/Users/mac/Desktop/Telegram clone/client/node_modules/@radix-ui/.react-dialog-O4jbFZgf'
84 silly reify }
85 silly audit bulk request {
85 silly audit   '@alloc/quick-lru': [ '5.2.0' ],
85 silly audit   '@babel/runtime': [ '7.26.0' ],
85 silly audit   'regenerator-runtime': [ '0.14.1', '0.11.1' ],
85 silly audit   '@effect/platform': [ '0.70.7' ],
85 silly audit   '@emnapi/runtime': [ '1.3.1' ],
85 silly audit   '@emoji-mart/data': [ '1.2.1' ],
85 silly audit   '@emoji-mart/react': [ '1.1.1' ],
85 silly audit   '@eslint-community/eslint-utils': [ '4.4.1' ],
85 silly audit   'eslint-visitor-keys': [ '3.4.3', '4.2.0' ],
85 silly audit   '@eslint-community/regexpp': [ '4.12.1' ],
85 silly audit   '@eslint/config-array': [ '0.19.1' ],
85 silly audit   '@eslint/core': [ '0.9.1' ],
85 silly audit   '@eslint/eslintrc': [ '3.2.0' ],
85 silly audit   '@eslint/js': [ '9.16.0' ],
85 silly audit   '@eslint/object-schema': [ '2.1.5' ],
85 silly audit   '@eslint/plugin-kit': [ '0.2.4' ],
85 silly audit   '@floating-ui/core': [ '1.6.8' ],
85 silly audit   '@floating-ui/dom': [ '1.6.12' ],
85 silly audit   '@floating-ui/react-dom': [ '2.1.2' ],
85 silly audit   '@floating-ui/utils': [ '0.2.8' ],
85 silly audit   '@hookform/resolvers': [ '3.9.1' ],
85 silly audit   '@humanfs/core': [ '0.19.1' ],
85 silly audit   '@humanfs/node': [ '0.16.6' ],
85 silly audit   '@humanwhocodes/retry': [ '0.3.1', '0.4.1' ],
85 silly audit   '@humanwhocodes/module-importer': [ '1.0.1' ],
85 silly audit   '@img/sharp-darwin-arm64': [ '0.33.5' ],
85 silly audit   '@img/sharp-darwin-x64': [ '0.33.5' ],
85 silly audit   '@img/sharp-libvips-darwin-arm64': [ '1.0.4' ],
85 silly audit   '@img/sharp-libvips-darwin-x64': [ '1.0.4' ],
85 silly audit   '@img/sharp-libvips-linux-arm': [ '1.0.5' ],
85 silly audit   '@img/sharp-libvips-linux-arm64': [ '1.0.4' ],
85 silly audit   '@img/sharp-libvips-linux-s390x': [ '1.0.4' ],
85 silly audit   '@img/sharp-libvips-linux-x64': [ '1.0.4' ],
85 silly audit   '@img/sharp-libvips-linuxmusl-arm64': [ '1.0.4' ],
85 silly audit   '@img/sharp-libvips-linuxmusl-x64': [ '1.0.4' ],
85 silly audit   '@img/sharp-linux-arm': [ '0.33.5' ],
85 silly audit   '@img/sharp-linux-arm64': [ '0.33.5' ],
85 silly audit   '@img/sharp-linux-s390x': [ '0.33.5' ],
85 silly audit   '@img/sharp-linux-x64': [ '0.33.5' ],
85 silly audit   '@img/sharp-linuxmusl-arm64': [ '0.33.5' ],
85 silly audit   '@img/sharp-linuxmusl-x64': [ '0.33.5' ],
85 silly audit   '@img/sharp-wasm32': [ '0.33.5' ],
85 silly audit   '@img/sharp-win32-ia32': [ '0.33.5' ],
85 silly audit   '@img/sharp-win32-x64': [ '0.33.5' ],
85 silly audit   '@isaacs/cliui': [ '8.0.2' ],
85 silly audit   '@jridgewell/gen-mapping': [ '0.3.8' ],
85 silly audit   '@jridgewell/resolve-uri': [ '3.1.2' ],
85 silly audit   '@jridgewell/set-array': [ '1.2.1' ],
85 silly audit   '@jridgewell/sourcemap-codec': [ '1.5.0' ],
85 silly audit   '@jridgewell/trace-mapping': [ '0.3.25' ],
85 silly audit   '@mongodb-js/saslprep': [ '1.1.9' ],
85 silly audit   '@next/env': [ '15.1.0' ],
85 silly audit   '@next/eslint-plugin-next': [ '15.1.0' ],
85 silly audit   '@next/swc-darwin-arm64': [ '15.1.0' ],
85 silly audit   '@next/swc-darwin-x64': [ '15.1.0' ],
85 silly audit   '@next/swc-linux-arm64-gnu': [ '15.1.0' ],
85 silly audit   '@next/swc-linux-arm64-musl': [ '15.1.0' ],
85 silly audit   '@next/swc-linux-x64-gnu': [ '15.1.0' ],
85 silly audit   '@next/swc-linux-x64-musl': [ '15.1.0' ],
85 silly audit   '@next/swc-win32-arm64-msvc': [ '15.1.0' ],
85 silly audit   '@next/swc-win32-x64-msvc': [ '15.1.0' ],
85 silly audit   '@nodelib/fs.scandir': [ '2.1.5' ],
85 silly audit   '@nodelib/fs.stat': [ '2.0.5' ],
85 silly audit   '@nodelib/fs.walk': [ '1.2.8' ],
85 silly audit   '@nolyfill/is-core-module': [ '1.0.39' ],
85 silly audit   '@panva/hkdf': [ '1.2.1' ],
85 silly audit   '@pkgjs/parseargs': [ '0.11.0' ],
85 silly audit   '@radix-ui/primitive': [ '1.1.1' ],
85 silly audit   '@radix-ui/react-accordion': [ '1.2.2' ],
85 silly audit   '@radix-ui/react-arrow': [ '1.1.1' ],
85 silly audit   '@radix-ui/react-avatar': [ '1.1.2' ],
85 silly audit   '@radix-ui/react-collapsible': [ '1.1.2' ],
85 silly audit   '@radix-ui/react-collection': [ '1.1.1' ],
85 silly audit   '@radix-ui/react-compose-refs': [ '1.1.1' ],
85 silly audit   '@radix-ui/react-context': [ '1.1.1' ],
85 silly audit   '@radix-ui/react-context-menu': [ '2.2.4' ],
85 silly audit   'react-remove-scroll': [ '2.6.0', '2.6.2' ],
85 silly audit   '@radix-ui/react-direction': [ '1.1.0' ],
85 silly audit   '@radix-ui/react-dismissable-layer': [ '1.1.2', '1.1.3' ],
85 silly audit   '@radix-ui/react-focus-guards': [ '1.1.1' ],
85 silly audit   '@radix-ui/react-focus-scope': [ '1.1.1' ],
85 silly audit   '@radix-ui/react-id': [ '1.1.0' ],
85 silly audit   '@radix-ui/react-label': [ '2.1.1' ],
85 silly audit   '@radix-ui/react-menu': [ '2.1.4' ],
85 silly audit   '@radix-ui/react-popover': [ '1.1.3' ],
85 silly audit   '@radix-ui/react-popper': [ '1.2.1' ],
85 silly audit   '@radix-ui/react-portal': [ '1.1.3' ],
85 silly audit   '@radix-ui/react-presence': [ '1.1.2' ],
85 silly audit   '@radix-ui/react-primitive': [ '2.0.1' ],
85 silly audit   '@radix-ui/react-roving-focus': [ '1.1.1' ],
85 silly audit   '@radix-ui/react-separator': [ '1.1.1' ],
85 silly audit   '@radix-ui/react-slot': [ '1.1.1' ],
85 silly audit   '@radix-ui/react-switch': [ '1.1.2' ],
85 silly audit   '@radix-ui/react-toast': [ '1.2.4' ],
85 silly audit   '@radix-ui/react-use-callback-ref': [ '1.1.0' ],
85 silly audit   '@radix-ui/react-use-controllable-state': [ '1.1.0' ],
85 silly audit   '@radix-ui/react-use-escape-keydown': [ '1.1.0' ],
85 silly audit   '@radix-ui/react-use-layout-effect': [ '1.1.0' ],
85 silly audit   '@radix-ui/react-use-previous': [ '1.1.0' ],
85 silly audit   '@radix-ui/react-use-rect': [ '1.1.0' ],
85 silly audit   '@radix-ui/react-use-size': [ '1.1.0' ],
85 silly audit   '@radix-ui/react-visually-hidden': [ '1.1.1' ],
85 silly audit   '@radix-ui/rect': [ '1.1.0' ],
85 silly audit   '@rtsao/scc': [ '1.1.0' ],
85 silly audit   '@rushstack/eslint-patch': [ '1.10.4' ],
85 silly audit   '@socket.io/component-emitter': [ '3.1.2' ],
85 silly audit   '@standard-schema/spec': [ '1.0.0-beta.3' ],
85 silly audit   '@swc/counter': [ '0.1.3' ],
85 silly audit   '@swc/helpers': [ '0.5.15' ],
85 silly audit   '@tanstack/query-core': [ '5.62.8' ],
85 silly audit   '@tanstack/react-query': [ '5.62.8' ],
85 silly audit   '@types/estree': [ '1.0.6' ],
85 silly audit   '@types/json-schema': [ '7.0.15' ],
85 silly audit   '@types/json5': [ '0.0.29' ],
85 silly audit   '@types/jsonwebtoken': [ '9.0.7' ],
85 silly audit   '@types/node': [ '20.17.10' ],
85 silly audit   '@types/react': [ '19.0.1' ],
85 silly audit   '@types/react-dom': [ '19.0.2' ],
85 silly audit   '@types/react-no-ssr': [ '1.1.8' ],
85 silly audit   '@types/webidl-conversions': [ '7.0.3' ],
85 silly audit   '@types/whatwg-url': [ '11.0.5' ],
85 silly audit   '@typescript-eslint/eslint-plugin': [ '8.18.0' ],
85 silly audit   '@typescript-eslint/parser': [ '8.18.0' ],
85 silly audit   '@typescript-eslint/scope-manager': [ '8.18.0' ],
85 silly audit   '@typescript-eslint/type-utils': [ '8.18.0' ],
85 silly audit   '@typescript-eslint/types': [ '8.18.0' ],
85 silly audit   '@typescript-eslint/typescript-estree': [ '8.18.0' ],
85 silly audit   'brace-expansion': [ '2.0.1', '1.1.11' ],
85 silly audit   'fast-glob': [ '3.3.2', '3.3.1' ],
85 silly audit   'glob-parent': [ '5.1.2', '6.0.2' ],
85 silly audit   minimatch: [ '9.0.5', '3.1.2' ],
85 silly audit   '@typescript-eslint/utils': [ '8.18.0' ],
85 silly audit   '@typescript-eslint/visitor-keys': [ '8.18.0' ],
85 silly audit   '@uploadthing/mime-types': [ '0.3.2' ],
85 silly audit   '@uploadthing/react': [ '7.1.3' ],
85 silly audit   '@uploadthing/shared': [ '7.1.3' ],
85 silly audit   acorn: [ '8.14.0' ],
85 silly audit   'acorn-jsx': [ '5.3.2' ],
85 silly audit   ajv: [ '6.12.6' ],
85 silly audit   'ansi-regex': [ '6.1.0', '5.0.1' ],
85 silly audit   'ansi-styles': [ '4.3.0', '6.2.1' ],
85 silly audit   'any-promise': [ '1.3.0' ],
85 silly audit   anymatch: [ '3.1.3' ],
85 silly audit   arg: [ '5.0.2' ],
85 silly audit   argparse: [ '2.0.1' ],
85 silly audit   'aria-hidden': [ '1.2.4' ],
85 silly audit   'aria-query': [ '5.3.2' ],
85 silly audit   'array-buffer-byte-length': [ '1.0.1' ],
85 silly audit   'array-includes': [ '3.1.8' ],
85 silly audit   'array.prototype.findlast': [ '1.2.5' ],
85 silly audit   'array.prototype.findlastindex': [ '1.2.5' ],
85 silly audit   'array.prototype.flat': [ '1.3.2' ],
85 silly audit   'array.prototype.flatmap': [ '1.3.2' ],
85 silly audit   'array.prototype.tosorted': [ '1.1.4' ],
85 silly audit   'arraybuffer.prototype.slice': [ '1.0.3' ],
85 silly audit   'ast-types-flow': [ '0.0.8' ],
85 silly audit   asynckit: [ '0.4.0' ],
85 silly audit   'available-typed-arrays': [ '1.0.7' ],
85 silly audit   'axe-core': [ '4.10.2' ],
85 silly audit   axios: [ '1.7.9' ],
85 silly audit   'axobject-query': [ '4.1.0' ],
85 silly audit   'babel-runtime': [ '6.26.0' ],
85 silly audit   'balanced-match': [ '1.0.2' ],
85 silly audit   'binary-extensions': [ '2.3.0' ],
85 silly audit   braces: [ '3.0.3' ],
85 silly audit   bson: [ '6.10.1' ],
85 silly audit   'buffer-equal-constant-time': [ '1.0.1' ],
85 silly audit   busboy: [ '1.6.0' ],
85 silly audit   'call-bind': [ '1.0.8' ],
85 silly audit   'call-bind-apply-helpers': [ '1.0.1' ],
85 silly audit   'call-bound': [ '1.0.2' ],
85 silly audit   callsites: [ '3.1.0' ],
85 silly audit   'camelcase-css': [ '2.0.1' ],
85 silly audit   'caniuse-lite': [ '1.0.30001687' ],
85 silly audit   chalk: [ '4.1.2' ],
85 silly audit   chokidar: [ '3.6.0' ],
85 silly audit   'class-variance-authority': [ '0.7.1' ],
85 silly audit   'client-only': [ '0.0.1' ],
85 silly audit   clsx: [ '2.1.1' ],
85 silly audit   color: [ '4.2.3' ],
85 silly audit   'color-convert': [ '2.0.1' ],
85 silly audit   'color-name': [ '1.1.4' ],
85 silly audit   'color-string': [ '1.9.1' ],
85 silly audit   'combined-stream': [ '1.0.8' ],
85 silly audit   commander: [ '4.1.1' ],
85 silly audit   'concat-map': [ '0.0.1' ],
85 silly audit   cookie: [ '0.7.2' ],
85 silly audit   'core-js': [ '2.6.12' ],
85 silly audit   'cross-spawn': [ '7.0.6' ],
85 silly audit   cssesc: [ '3.0.0' ],
85 silly audit   csstype: [ '3.1.3' ],
85 silly audit   'damerau-levenshtein': [ '1.0.8' ],
85 silly audit   'data-view-buffer': [ '1.0.1' ],
85 silly audit   'data-view-byte-length': [ '1.0.1' ],
85 silly audit   'data-view-byte-offset': [ '1.0.0' ],
85 silly audit   'date-fns': [ '4.1.0' ],
85 silly audit   debug: [ '4.4.0', '4.3.7', '3.2.7' ],
85 silly audit   'deep-is': [ '0.1.4' ],
85 silly audit   'define-data-property': [ '1.1.4' ],
85 silly audit   'define-properties': [ '1.2.1' ],
85 silly audit   'delayed-stream': [ '1.0.0' ],
85 silly audit   'detect-libc': [ '2.0.3' ],
85 silly audit   'detect-node-es': [ '1.1.0' ],
85 silly audit   didyoumean: [ '1.2.2' ],
85 silly audit   dlv: [ '1.1.3' ],
85 silly audit   doctrine: [ '2.1.0' ],
85 silly audit   'dunder-proto': [ '1.0.0' ],
85 silly audit   eastasianwidth: [ '0.2.0' ],
85 silly audit   'ecdsa-sig-formatter': [ '1.0.11' ],
85 silly audit   effect: [ '3.11.5' ],
85 silly audit   'emoji-mart': [ '5.6.0' ],
85 silly audit   'emoji-regex': [ '9.2.2', '8.0.0' ],
85 silly audit   'engine.io-client': [ '6.6.2' ],
85 silly audit   'engine.io-parser': [ '5.2.3' ],
85 silly audit   'enhanced-resolve': [ '5.17.1' ],
85 silly audit   'es-abstract': [ '1.23.5' ],
85 silly audit   'es-define-property': [ '1.0.1' ],
85 silly audit   'es-errors': [ '1.3.0' ],
85 silly audit   'es-iterator-helpers': [ '1.2.0' ],
85 silly audit   'es-object-atoms': [ '1.0.0' ],
85 silly audit   'es-set-tostringtag': [ '2.0.3' ],
85 silly audit   'es-shim-unscopables': [ '1.0.2' ],
85 silly audit   'es-to-primitive': [ '1.3.0' ],
85 silly audit   'escape-string-regexp': [ '4.0.0' ],
85 silly audit   eslint: [ '9.16.0' ],
85 silly audit   'eslint-config-next': [ '15.1.0' ],
85 silly audit   'eslint-plugin-react-hooks': [ '5.1.0', '5.2.0-canary-de82912e-20241220' ],
85 silly audit   'eslint-import-resolver-node': [ '0.3.9' ],
85 silly audit   'eslint-import-resolver-typescript': [ '3.7.0' ],
85 silly audit   'eslint-module-utils': [ '2.12.0' ],
85 silly audit   'eslint-plugin-import': [ '2.31.0' ],
85 silly audit   semver: [ '6.3.1', '7.6.3' ],
85 silly audit   'eslint-plugin-jsx-a11y': [ '6.10.2' ],
85 silly audit   'eslint-plugin-react': [ '7.37.2' ],
85 silly audit   resolve: [ '2.0.0-next.5', '1.22.8' ],
85 silly audit   'eslint-scope': [ '8.2.0' ],
85 silly audit   espree: [ '10.3.0' ],
85 silly audit   esquery: [ '1.6.0' ],
85 silly audit   esrecurse: [ '4.3.0' ],
85 silly audit   estraverse: [ '5.3.0' ],
85 silly audit   esutils: [ '2.0.3' ],
85 silly audit   'fast-check': [ '3.23.2' ],
85 silly audit   'fast-deep-equal': [ '3.1.3' ],
85 silly audit   'fast-json-stable-stringify': [ '2.1.0' ],
85 silly audit   'fast-levenshtein': [ '2.0.6' ],
85 silly audit   fastq: [ '1.17.1' ],
85 silly audit   'file-entry-cache': [ '8.0.0' ],
85 silly audit   'file-selector': [ '0.6.0' ],
85 silly audit   'fill-range': [ '7.1.1' ],
85 silly audit   'find-my-way-ts': [ '0.1.5' ],
85 silly audit   'find-up': [ '5.0.0' ],
85 silly audit   'flat-cache': [ '4.0.1' ],
85 silly audit   flatted: [ '3.3.2' ],
85 silly audit   'follow-redirects': [ '1.15.9' ],
85 silly audit   'for-each': [ '0.3.3' ],
85 silly audit   'foreground-child': [ '3.3.0' ],
85 silly audit   'form-data': [ '4.0.1' ],
85 silly audit   fsevents: [ '2.3.3' ],
85 silly audit   'function-bind': [ '1.1.2' ],
85 silly audit   'function.prototype.name': [ '1.1.6' ],
85 silly audit   'functions-have-names': [ '1.2.3' ],
85 silly audit   'get-intrinsic': [ '1.2.6' ],
85 silly audit   'get-nonce': [ '1.0.1' ],
85 silly audit   'get-symbol-description': [ '1.0.2' ],
85 silly audit   'get-tsconfig': [ '4.8.1' ],
85 silly audit   glob: [ '10.4.5' ],
85 silly audit   globals: [ '14.0.0' ],
85 silly audit   globalthis: [ '1.0.4' ],
85 silly audit   gopd: [ '1.2.0' ],
85 silly audit   'graceful-fs': [ '4.2.11' ],
85 silly audit   graphemer: [ '1.4.0' ],
85 silly audit   'has-bigints': [ '1.0.2' ],
85 silly audit   'has-flag': [ '4.0.0' ],
85 silly audit   'has-property-descriptors': [ '1.0.2' ],
85 silly audit   'has-proto': [ '1.2.0' ],
85 silly audit   'has-symbols': [ '1.1.0' ],
85 silly audit   'has-tostringtag': [ '1.0.2' ],
85 silly audit   hasown: [ '2.0.2' ],
85 silly audit   howler: [ '2.2.4' ],
85 silly audit   ignore: [ '5.3.2' ],
85 silly audit   'import-fresh': [ '3.3.0' ],
85 silly audit   imurmurhash: [ '0.1.4' ],
85 silly audit   'input-otp': [ '1.4.1' ],
85 silly audit   'internal-slot': [ '1.0.7' ],
85 silly audit   'is-array-buffer': [ '3.0.4' ],
85 silly audit   'is-arrayish': [ '0.3.2' ],
85 silly audit   'is-async-function': [ '2.0.0' ],
85 silly audit   'is-bigint': [ '1.1.0' ],
85 silly audit   'is-binary-path': [ '2.1.0' ],
85 silly audit   'is-boolean-object': [ '1.2.0' ],
85 silly audit   'is-bun-module': [ '1.3.0' ],
85 silly audit   'is-callable': [ '1.2.7' ],
85 silly audit   'is-core-module': [ '2.15.1' ],
85 silly audit   'is-data-view': [ '1.0.1' ],
85 silly audit   'is-date-object': [ '1.0.5' ],
85 silly audit   'is-extglob': [ '2.1.1' ],
85 silly audit   'is-finalizationregistry': [ '1.1.0' ],
85 silly audit   'is-fullwidth-code-point': [ '3.0.0' ],
85 silly audit   'is-generator-function': [ '1.0.10' ],
85 silly audit   'is-glob': [ '4.0.3' ],
85 silly audit   'is-map': [ '2.0.3' ],
85 silly audit   'is-negative-zero': [ '2.0.3' ],
85 silly audit   'is-number': [ '7.0.0' ],
85 silly audit   'is-number-object': [ '1.1.0' ],
85 silly audit   'is-regex': [ '1.2.0' ],
85 silly audit   'is-set': [ '2.0.3' ],
85 silly audit   'is-shared-array-buffer': [ '1.0.3' ],
85 silly audit   'is-string': [ '1.1.0' ],
85 silly audit   'is-symbol': [ '1.1.0' ],
85 silly audit   'is-typed-array': [ '1.1.13' ],
85 silly audit   'is-weakmap': [ '2.0.2' ],
85 silly audit   'is-weakref': [ '1.0.2' ],
85 silly audit   'is-weakset': [ '2.0.3' ],
85 silly audit   isarray: [ '2.0.5' ],
85 silly audit   isexe: [ '2.0.0' ],
85 silly audit   'iterator.prototype': [ '1.1.3' ],
85 silly audit   jackspeak: [ '3.4.3' ],
85 silly audit   jiti: [ '1.21.6' ],
85 silly audit   jose: [ '4.15.9' ],
85 silly audit   'js-tokens': [ '4.0.0' ],
85 silly audit   'js-yaml': [ '4.1.0' ],
85 silly audit   'json-buffer': [ '3.0.1' ],
85 silly audit   'json-schema-traverse': [ '0.4.1' ],
85 silly audit   'json-stable-stringify-without-jsonify': [ '1.0.1' ],
85 silly audit   json5: [ '1.0.2' ],
85 silly audit   jsonwebtoken: [ '9.0.2' ],
85 silly audit   'jsx-ast-utils': [ '3.3.5' ],
85 silly audit   jwa: [ '1.4.1' ],
85 silly audit   jws: [ '3.2.2' ],
85 silly audit   kareem: [ '2.6.3' ],
85 silly audit   keyv: [ '4.5.4' ],
85 silly audit   'language-subtag-registry': [ '0.3.23' ],
85 silly audit   'language-tags': [ '1.0.9' ],
85 silly audit   levn: [ '0.4.1' ],
85 silly audit   lilconfig: [ '3.1.3' ],
85 silly audit   'lines-and-columns': [ '1.2.4' ],
85 silly audit   'locate-path': [ '6.0.0' ],
85 silly audit   'lodash.includes': [ '4.3.0' ],
85 silly audit   'lodash.isboolean': [ '3.0.3' ],
85 silly audit   'lodash.isinteger': [ '4.0.4' ],
85 silly audit   'lodash.isnumber': [ '3.0.3' ],
85 silly audit   'lodash.isplainobject': [ '4.0.6' ],
85 silly audit   'lodash.isstring': [ '4.0.1' ],
85 silly audit   'lodash.merge': [ '4.6.2' ],
85 silly audit   'lodash.once': [ '4.1.1' ],
85 silly audit   'loose-envify': [ '1.4.0' ],
85 silly audit   'lru-cache': [ '10.4.3', '6.0.0' ],
85 silly audit   'lucide-react': [ '0.468.0' ],
85 silly audit   'math-intrinsics': [ '1.0.0' ],
85 silly audit   'memory-pager': [ '1.5.0' ],
85 silly audit   merge2: [ '1.4.1' ],
85 silly audit   micromatch: [ '4.0.8' ],
85 silly audit   'mime-db': [ '1.52.0' ],
85 silly audit   'mime-types': [ '2.1.35' ],
85 silly audit   minimist: [ '1.2.8' ],
85 silly audit   minipass: [ '7.1.2' ],
85 silly audit   mongodb: [ '6.12.0' ],
85 silly audit   'mongodb-connection-string-url': [ '3.0.1' ],
85 silly audit   mongoose: [ '8.9.2' ],
85 silly audit   mpath: [ '0.9.0' ],
85 silly audit   mquery: [ '5.0.0' ],
85 silly audit   ms: [ '2.1.3' ],
85 silly audit   multipasta: [ '0.2.5' ],
85 silly audit   mz: [ '2.7.0' ],
85 silly audit   nanoid: [ '3.3.8' ],
85 silly audit   'natural-compare': [ '1.4.0' ],
85 silly audit   next: [ '15.1.0' ],
85 silly audit   'next-auth': [ '4.24.11' ],
85 silly audit   'next-themes': [ '0.4.4' ],
85 silly audit   postcss: [ '8.4.31', '8.4.49' ],
85 silly audit   'normalize-path': [ '3.0.0' ],
85 silly audit   oauth: [ '0.9.15' ],
85 silly audit   'object-assign': [ '4.1.1' ],
85 silly audit   'object-hash': [ '3.0.0', '2.2.0' ],
85 silly audit   'object-inspect': [ '1.13.3' ],
85 silly audit   'object-keys': [ '1.1.1' ],
85 silly audit   'object.assign': [ '4.1.5' ],
85 silly audit   'object.entries': [ '1.1.8' ],
85 silly audit   'object.fromentries': [ '2.0.8' ],
85 silly audit   'object.groupby': [ '1.0.3' ],
85 silly audit   'object.values': [ '1.2.0' ],
85 silly audit   'oidc-token-hash': [ '5.0.3' ],
85 silly audit   'openid-client': [ '5.7.1' ],
85 silly audit   optionator: [ '0.9.4' ],
85 silly audit   'p-limit': [ '3.1.0' ],
85 silly audit   'p-locate': [ '5.0.0' ],
85 silly audit   'package-json-from-dist': [ '1.0.1' ],
85 silly audit   'parent-module': [ '1.0.1' ],
85 silly audit   'path-exists': [ '4.0.0' ],
85 silly audit   'path-key': [ '3.1.1' ],
85 silly audit   'path-parse': [ '1.0.7' ],
85 silly audit   'path-scurry': [ '1.11.1' ],
85 silly audit   picocolors: [ '1.1.1' ],
85 silly audit   picomatch: [ '2.3.1' ],
85 silly audit   pify: [ '2.3.0' ],
85 silly audit   pirates: [ '4.0.6' ],
85 silly audit   'possible-typed-array-names': [ '1.0.0' ],
85 silly audit   'postcss-import': [ '15.1.0' ],
85 silly audit   'postcss-js': [ '4.0.1' ],
85 silly audit   'postcss-load-config': [ '4.0.2' ],
85 silly audit   'postcss-nested': [ '6.2.0' ],
85 silly audit   'postcss-selector-parser': [ '6.1.2' ],
85 silly audit   'postcss-value-parser': [ '4.2.0' ],
85 silly audit   preact: [ '10.25.3' ],
85 silly audit   'preact-render-to-string': [ '5.2.6' ],
85 silly audit   'prelude-ls': [ '1.2.1' ],
85 silly audit   'pretty-format': [ '3.8.0' ],
85 silly audit   'prop-types': [ '15.8.1' ],
85 silly audit   'proxy-from-env': [ '1.1.0' ],
85 silly audit   punycode: [ '2.3.1' ],
85 silly audit   'pure-rand': [ '6.1.0' ],
85 silly audit   'queue-microtask': [ '1.2.3' ],
85 silly audit   react: [ '19.0.0' ],
85 silly audit   'react-dom': [ '19.0.0' ],
85 silly audit   'react-hook-form': [ '7.54.1' ],
85 silly audit   'react-icons': [ '5.4.0' ],
85 silly audit   'react-is': [ '16.13.1' ],
85 silly audit   'react-no-ssr': [ '1.1.0' ],
85 silly audit   'react-remove-scroll-bar': [ '2.3.8' ],
85 silly audit   'react-style-singleton': [ '2.2.3' ],
85 silly audit   'read-cache': [ '1.0.0' ],
85 silly audit   readdirp: [ '3.6.0' ],
85 silly audit   'reflect.getprototypeof': [ '1.0.8' ],
85 silly audit   'regexp.prototype.flags': [ '1.5.3' ],
85 silly audit   'resolve-from': [ '4.0.0' ],
85 silly audit   'resolve-pkg-maps': [ '1.0.0' ],
85 silly audit   reusify: [ '1.0.4' ],
85 silly audit   'run-parallel': [ '1.2.0' ],
85 silly audit   'safe-array-concat': [ '1.1.3' ],
85 silly audit   'safe-buffer': [ '5.2.1' ],
85 silly audit   'safe-regex-test': [ '1.0.3' ],
85 silly audit   scheduler: [ '0.25.0' ],
85 silly audit   'set-function-length': [ '1.2.2' ],
85 silly audit   'set-function-name': [ '2.0.2' ],
85 silly audit   sharp: [ '0.33.5' ],
85 silly audit   'shebang-command': [ '2.0.0' ],
85 silly audit   'shebang-regex': [ '3.0.0' ],
85 silly audit   'side-channel': [ '1.1.0' ],
85 silly audit   'side-channel-list': [ '1.0.0' ],
85 silly audit   'side-channel-map': [ '1.0.1' ],
85 silly audit   'side-channel-weakmap': [ '1.0.2' ],
85 silly audit   sift: [ '17.1.3' ],
85 silly audit   'signal-exit': [ '4.1.0' ],
85 silly audit   'simple-swizzle': [ '0.2.2' ],
85 silly audit   'socket.io-client': [ '4.8.1' ],
85 silly audit   'socket.io-parser': [ '4.2.4' ],
85 silly audit   'source-map-js': [ '1.2.1' ],
85 silly audit   'sparse-bitfield': [ '3.0.3' ],
85 silly audit   sqids: [ '0.3.0' ],
85 silly audit   'stable-hash': [ '0.0.4' ],
85 silly audit   streamsearch: [ '1.1.0' ],
85 silly audit   'string-width': [ '5.1.2', '4.2.3' ],
85 silly audit   'strip-ansi': [ '6.0.1', '7.1.0' ],
85 silly audit   'string.prototype.includes': [ '2.0.1' ],
85 silly audit   'string.prototype.matchall': [ '4.0.11' ],
85 silly audit   'string.prototype.repeat': [ '1.0.0' ],
85 silly audit   'string.prototype.trim': [ '1.2.10' ],
85 silly audit   'string.prototype.trimend': [ '1.0.9' ],
85 silly audit   'string.prototype.trimstart': [ '1.0.8' ],
85 silly audit   'strip-bom': [ '3.0.0' ],
85 silly audit   'strip-json-comments': [ '3.1.1' ],
85 silly audit   'styled-jsx': [ '5.1.6' ],
85 silly audit   sucrase: [ '3.35.0' ],
85 silly audit   'supports-color': [ '7.2.0' ],
85 silly audit   'supports-preserve-symlinks-flag': [ '1.0.0' ],
85 silly audit   'tailwind-merge': [ '2.5.5' ],
85 silly audit   tailwindcss: [ '3.4.16' ],
85 silly audit   'tailwindcss-animate': [ '1.0.7' ],
85 silly audit   tapable: [ '2.2.1' ],
85 silly audit   thenify: [ '3.3.1' ],
85 silly audit   'thenify-all': [ '1.6.0' ],
85 silly audit   'to-regex-range': [ '5.0.1' ],
85 silly audit   tr46: [ '4.1.1' ],
85 silly audit   'ts-api-utils': [ '1.4.3' ],
85 silly audit   'ts-interface-checker': [ '0.1.13' ],
85 silly audit   'tsconfig-paths': [ '3.15.0' ],
85 silly audit   tslib: [ '2.8.1' ],
85 silly audit   'type-check': [ '0.4.0' ],
85 silly audit   'typed-array-buffer': [ '1.0.2' ],
85 silly audit   'typed-array-byte-length': [ '1.0.1' ],
85 silly audit   'typed-array-byte-offset': [ '1.0.3' ],
85 silly audit   'typed-array-length': [ '1.0.7' ],
85 silly audit   typescript: [ '5.7.2' ],
85 silly audit   'unbox-primitive': [ '1.0.2' ],
85 silly audit   'undici-types': [ '6.19.8' ],
85 silly audit   uploadthing: [ '7.4.1' ],
85 silly audit   'uri-js': [ '4.4.1' ],
85 silly audit   'use-callback-ref': [ '1.3.3' ],
85 silly audit   'use-sidecar': [ '1.1.3' ],
85 silly audit   'use-sound': [ '4.0.3' ],
85 silly audit   'util-deprecate': [ '1.0.2' ],
85 silly audit   uuid: [ '8.3.2' ],
85 silly audit   'webidl-conversions': [ '7.0.0' ],
85 silly audit   'whatwg-url': [ '13.0.0' ],
85 silly audit   which: [ '2.0.2' ],
85 silly audit   'which-boxed-primitive': [ '1.1.0' ],
85 silly audit   'which-builtin-type': [ '1.2.0' ],
85 silly audit   'which-collection': [ '1.0.2' ],
85 silly audit   'which-typed-array': [ '1.1.16' ],
85 silly audit   'word-wrap': [ '1.2.5' ],
85 silly audit   'wrap-ansi': [ '8.1.0', '7.0.0' ],
85 silly audit   ws: [ '8.17.1' ],
85 silly audit   'xmlhttprequest-ssl': [ '2.1.2' ],
85 silly audit   yallist: [ '4.0.0' ],
85 silly audit   yaml: [ '2.6.1' ],
85 silly audit   'yocto-queue': [ '0.1.0' ],
85 silly audit   zod: [ '3.24.1' ],
85 silly audit   zustand: [ '5.0.2' ],
85 silly audit   '@radix-ui/react-dialog': [ '1.1.4' ]
85 silly audit }
86 verbose reify failed optional dependency /Users/mac/Desktop/Telegram clone/client/node_modules/@next/swc-win32-x64-msvc
87 silly reify mark deleted [
87 silly reify   '/Users/mac/Desktop/Telegram clone/client/node_modules/@next/swc-win32-x64-msvc'
87 silly reify ]
88 verbose reify failed optional dependency /Users/mac/Desktop/Telegram clone/client/node_modules/@next/swc-win32-arm64-msvc
89 silly reify mark deleted [
89 silly reify   '/Users/mac/Desktop/Telegram clone/client/node_modules/@next/swc-win32-arm64-msvc'
89 silly reify ]
90 verbose reify failed optional dependency /Users/mac/Desktop/Telegram clone/client/node_modules/@next/swc-linux-x64-musl
91 silly reify mark deleted [
91 silly reify   '/Users/mac/Desktop/Telegram clone/client/node_modules/@next/swc-linux-x64-musl'
91 silly reify ]
92 verbose reify failed optional dependency /Users/mac/Desktop/Telegram clone/client/node_modules/@next/swc-linux-x64-gnu
93 silly reify mark deleted [
93 silly reify   '/Users/mac/Desktop/Telegram clone/client/node_modules/@next/swc-linux-x64-gnu'
93 silly reify ]
94 verbose reify failed optional dependency /Users/mac/Desktop/Telegram clone/client/node_modules/@next/swc-linux-arm64-musl
95 silly reify mark deleted [
95 silly reify   '/Users/mac/Desktop/Telegram clone/client/node_modules/@next/swc-linux-arm64-musl'
95 silly reify ]
96 verbose reify failed optional dependency /Users/mac/Desktop/Telegram clone/client/node_modules/@next/swc-linux-arm64-gnu
97 silly reify mark deleted [
97 silly reify   '/Users/mac/Desktop/Telegram clone/client/node_modules/@next/swc-linux-arm64-gnu'
97 silly reify ]
98 verbose reify failed optional dependency /Users/mac/Desktop/Telegram clone/client/node_modules/@next/swc-darwin-arm64
99 silly reify mark deleted [
99 silly reify   '/Users/mac/Desktop/Telegram clone/client/node_modules/@next/swc-darwin-arm64'
99 silly reify ]
100 verbose reify failed optional dependency /Users/mac/Desktop/Telegram clone/client/node_modules/@img/sharp-win32-x64
101 silly reify mark deleted [
101 silly reify   '/Users/mac/Desktop/Telegram clone/client/node_modules/@img/sharp-win32-x64'
101 silly reify ]
102 verbose reify failed optional dependency /Users/mac/Desktop/Telegram clone/client/node_modules/@img/sharp-win32-ia32
103 silly reify mark deleted [
103 silly reify   '/Users/mac/Desktop/Telegram clone/client/node_modules/@img/sharp-win32-ia32'
103 silly reify ]
104 verbose reify failed optional dependency /Users/mac/Desktop/Telegram clone/client/node_modules/@img/sharp-wasm32
105 silly reify mark deleted [
105 silly reify   '/Users/mac/Desktop/Telegram clone/client/node_modules/@img/sharp-wasm32'
105 silly reify ]
106 verbose reify failed optional dependency /Users/mac/Desktop/Telegram clone/client/node_modules/@emnapi/runtime
107 silly reify mark deleted [
107 silly reify   '/Users/mac/Desktop/Telegram clone/client/node_modules/@emnapi/runtime'
107 silly reify ]
108 verbose reify failed optional dependency /Users/mac/Desktop/Telegram clone/client/node_modules/@img/sharp-linuxmusl-x64
109 silly reify mark deleted [
109 silly reify   '/Users/mac/Desktop/Telegram clone/client/node_modules/@img/sharp-linuxmusl-x64'
109 silly reify ]
110 verbose reify failed optional dependency /Users/mac/Desktop/Telegram clone/client/node_modules/@img/sharp-linuxmusl-arm64
111 silly reify mark deleted [
111 silly reify   '/Users/mac/Desktop/Telegram clone/client/node_modules/@img/sharp-linuxmusl-arm64'
111 silly reify ]
112 verbose reify failed optional dependency /Users/mac/Desktop/Telegram clone/client/node_modules/@img/sharp-linux-x64
113 silly reify mark deleted [
113 silly reify   '/Users/mac/Desktop/Telegram clone/client/node_modules/@img/sharp-linux-x64'
113 silly reify ]
114 verbose reify failed optional dependency /Users/mac/Desktop/Telegram clone/client/node_modules/@img/sharp-linux-s390x
115 silly reify mark deleted [
115 silly reify   '/Users/mac/Desktop/Telegram clone/client/node_modules/@img/sharp-linux-s390x'
115 silly reify ]
116 verbose reify failed optional dependency /Users/mac/Desktop/Telegram clone/client/node_modules/@img/sharp-linux-arm64
117 silly reify mark deleted [
117 silly reify   '/Users/mac/Desktop/Telegram clone/client/node_modules/@img/sharp-linux-arm64'
117 silly reify ]
118 verbose reify failed optional dependency /Users/mac/Desktop/Telegram clone/client/node_modules/@img/sharp-linux-arm
119 silly reify mark deleted [
119 silly reify   '/Users/mac/Desktop/Telegram clone/client/node_modules/@img/sharp-linux-arm'
119 silly reify ]
120 verbose reify failed optional dependency /Users/mac/Desktop/Telegram clone/client/node_modules/@img/sharp-libvips-linuxmusl-x64
121 silly reify mark deleted [
121 silly reify   '/Users/mac/Desktop/Telegram clone/client/node_modules/@img/sharp-libvips-linuxmusl-x64'
121 silly reify ]
122 verbose reify failed optional dependency /Users/mac/Desktop/Telegram clone/client/node_modules/@img/sharp-libvips-linuxmusl-arm64
123 silly reify mark deleted [
123 silly reify   '/Users/mac/Desktop/Telegram clone/client/node_modules/@img/sharp-libvips-linuxmusl-arm64'
123 silly reify ]
124 verbose reify failed optional dependency /Users/mac/Desktop/Telegram clone/client/node_modules/@img/sharp-libvips-linux-x64
125 silly reify mark deleted [
125 silly reify   '/Users/mac/Desktop/Telegram clone/client/node_modules/@img/sharp-libvips-linux-x64'
125 silly reify ]
126 verbose reify failed optional dependency /Users/mac/Desktop/Telegram clone/client/node_modules/@img/sharp-libvips-linux-s390x
127 silly reify mark deleted [
127 silly reify   '/Users/mac/Desktop/Telegram clone/client/node_modules/@img/sharp-libvips-linux-s390x'
127 silly reify ]
128 verbose reify failed optional dependency /Users/mac/Desktop/Telegram clone/client/node_modules/@img/sharp-libvips-linux-arm64
129 silly reify mark deleted [
129 silly reify   '/Users/mac/Desktop/Telegram clone/client/node_modules/@img/sharp-libvips-linux-arm64'
129 silly reify ]
130 verbose reify failed optional dependency /Users/mac/Desktop/Telegram clone/client/node_modules/@img/sharp-libvips-linux-arm
131 silly reify mark deleted [
131 silly reify   '/Users/mac/Desktop/Telegram clone/client/node_modules/@img/sharp-libvips-linux-arm'
131 silly reify ]
132 verbose reify failed optional dependency /Users/mac/Desktop/Telegram clone/client/node_modules/@img/sharp-libvips-darwin-arm64
133 silly reify mark deleted [
133 silly reify   '/Users/mac/Desktop/Telegram clone/client/node_modules/@img/sharp-libvips-darwin-arm64'
133 silly reify ]
134 verbose reify failed optional dependency /Users/mac/Desktop/Telegram clone/client/node_modules/@img/sharp-darwin-arm64
135 silly reify mark deleted [
135 silly reify   '/Users/mac/Desktop/Telegram clone/client/node_modules/@img/sharp-darwin-arm64'
135 silly reify ]
136 silly tarball no local data for @radix-ui/react-dialog@https://registry.npmjs.org/@radix-ui/react-dialog/-/react-dialog-1.1.4.tgz. Extracting by manifest.
137 http fetch POST 200 https://registry.npmjs.org/-/npm/v1/security/advisories/bulk 844ms
138 silly audit report {}
139 http fetch GET 200 https://registry.npmjs.org/@radix-ui/react-dialog/-/react-dialog-1.1.4.tgz 6958ms (cache miss)
140 silly ADD
141 silly ADD
142 silly ADD
143 silly ADD
144 silly ADD
145 silly ADD
146 silly ADD
147 silly ADD
148 silly ADD
149 silly ADD
150 silly ADD
151 silly ADD
152 silly ADD
153 silly ADD
154 silly ADD
155 silly ADD
156 silly ADD
157 silly ADD
158 silly ADD
159 silly ADD
160 silly ADD
161 silly ADD
162 silly ADD
163 silly ADD
164 silly ADD
165 silly CHANGE node_modules/@radix-ui/react-dialog
166 silly ADD node_modules/@radix-ui/react-dialog/node_modules/@radix-ui/react-dismissable-layer
167 silly REMOVE node_modules/@radix-ui/react-dialog/node_modules/react-remove-scroll
168 verbose cwd /Users/mac/Desktop/Telegram clone/client
169 verbose os Darwin 22.6.0
170 verbose node v22.12.0
171 verbose npm  v10.9.0
172 verbose exit 0
173 info ok
